This is pdfTeX, Version 3.1415926-2.4-1.40.13 (TeX Live 2012/Debian) (format=latex 2013.1.11)  8 JAN 2014 19:17
entering extended mode
 restricted \write18 enabled.
 %&-line parsing enabled.
**./images.tex
(./images.tex
LaTeX2e <2011/06/27>
Babel <v3.8m> and hyphenation patterns for english, dumylang, nohyphenation, lo
aded.

(/usr/share/texlive/texmf-dist/tex/latex/base/report.cls
Document Class: report 2007/10/19 v1.4h Standard LaTeX document class
(/usr/share/texlive/texmf-dist/tex/latex/base/size10.clo
File: size10.clo 2007/10/19 v1.4h Standard LaTeX file (size option)
)
\c@part=\count79
\c@chapter=\count80
\c@section=\count81
\c@subsection=\count82
\c@subsubsection=\count83
\c@paragraph=\count84
\c@subparagraph=\count85
\c@figure=\count86
\c@table=\count87
\abovecaptionskip=\skip41
\belowcaptionskip=\skip42
\bibindent=\dimen102
) (/usr/share/texlive/texmf-dist/tex/latex/base/ifthen.sty
Package: ifthen 2001/05/26 v1.1c Standard LaTeX ifthen package (DPC)
) (/usr/share/texlive/texmf-dist/tex/latex/base/inputenc.sty
Package: inputenc 2008/03/30 v1.1d Input encoding file
\inpenc@prehook=\toks14
\inpenc@posthook=\toks15
(/usr/share/texlive/texmf-dist/tex/latex/base/utf8.def
File: utf8.def 2008/04/05 v1.1m UTF-8 support for inputenc
Now handling font encoding OML ...
... no UTF-8 mapping file for font encoding OML
Now handling font encoding T1 ...
... processing UTF-8 mapping file for font encoding T1
(/usr/share/texlive/texmf-dist/tex/latex/base/t1enc.dfu
File: t1enc.dfu 2008/04/05 v1.1m UTF-8 support for inputenc
   defining Unicode char U+00A1 (decimal 161)
   defining Unicode char U+00A3 (decimal 163)
   defining Unicode char U+00AB (decimal 171)
   defining Unicode char U+00BB (decimal 187)
   defining Unicode char U+00BF (decimal 191)
   defining Unicode char U+00C0 (decimal 192)
   defining Unicode char U+00C1 (decimal 193)
   defining Unicode char U+00C2 (decimal 194)
   defining Unicode char U+00C3 (decimal 195)
   defining Unicode char U+00C4 (decimal 196)
   defining Unicode char U+00C5 (decimal 197)
   defining Unicode char U+00C6 (decimal 198)
   defining Unicode char U+00C7 (decimal 199)
   defining Unicode char U+00C8 (decimal 200)
   defining Unicode char U+00C9 (decimal 201)
   defining Unicode char U+00CA (decimal 202)
   defining Unicode char U+00CB (decimal 203)
   defining Unicode char U+00CC (decimal 204)
   defining Unicode char U+00CD (decimal 205)
   defining Unicode char U+00CE (decimal 206)
   defining Unicode char U+00CF (decimal 207)
   defining Unicode char U+00D0 (decimal 208)
   defining Unicode char U+00D1 (decimal 209)
   defining Unicode char U+00D2 (decimal 210)
   defining Unicode char U+00D3 (decimal 211)
   defining Unicode char U+00D4 (decimal 212)
   defining Unicode char U+00D5 (decimal 213)
   defining Unicode char U+00D6 (decimal 214)
   defining Unicode char U+00D8 (decimal 216)
   defining Unicode char U+00D9 (decimal 217)
   defining Unicode char U+00DA (decimal 218)
   defining Unicode char U+00DB (decimal 219)
   defining Unicode char U+00DC (decimal 220)
   defining Unicode char U+00DD (decimal 221)
   defining Unicode char U+00DE (decimal 222)
   defining Unicode char U+00DF (decimal 223)
   defining Unicode char U+00E0 (decimal 224)
   defining Unicode char U+00E1 (decimal 225)
   defining Unicode char U+00E2 (decimal 226)
   defining Unicode char U+00E3 (decimal 227)
   defining Unicode char U+00E4 (decimal 228)
   defining Unicode char U+00E5 (decimal 229)
   defining Unicode char U+00E6 (decimal 230)
   defining Unicode char U+00E7 (decimal 231)
   defining Unicode char U+00E8 (decimal 232)
   defining Unicode char U+00E9 (decimal 233)
   defining Unicode char U+00EA (decimal 234)
   defining Unicode char U+00EB (decimal 235)
   defining Unicode char U+00EC (decimal 236)
   defining Unicode char U+00ED (decimal 237)
   defining Unicode char U+00EE (decimal 238)
   defining Unicode char U+00EF (decimal 239)
   defining Unicode char U+00F0 (decimal 240)
   defining Unicode char U+00F1 (decimal 241)
   defining Unicode char U+00F2 (decimal 242)
   defining Unicode char U+00F3 (decimal 243)
   defining Unicode char U+00F4 (decimal 244)
   defining Unicode char U+00F5 (decimal 245)
   defining Unicode char U+00F6 (decimal 246)
   defining Unicode char U+00F8 (decimal 248)
   defining Unicode char U+00F9 (decimal 249)
   defining Unicode char U+00FA (decimal 250)
   defining Unicode char U+00FB (decimal 251)
   defining Unicode char U+00FC (decimal 252)
   defining Unicode char U+00FD (decimal 253)
   defining Unicode char U+00FE (decimal 254)
   defining Unicode char U+00FF (decimal 255)
   defining Unicode char U+0102 (decimal 258)
   defining Unicode char U+0103 (decimal 259)
   defining Unicode char U+0104 (decimal 260)
   defining Unicode char U+0105 (decimal 261)
   defining Unicode char U+0106 (decimal 262)
   defining Unicode char U+0107 (decimal 263)
   defining Unicode char U+010C (decimal 268)
   defining Unicode char U+010D (decimal 269)
   defining Unicode char U+010E (decimal 270)
   defining Unicode char U+010F (decimal 271)
   defining Unicode char U+0110 (decimal 272)
   defining Unicode char U+0111 (decimal 273)
   defining Unicode char U+0118 (decimal 280)
   defining Unicode char U+0119 (decimal 281)
   defining Unicode char U+011A (decimal 282)
   defining Unicode char U+011B (decimal 283)
   defining Unicode char U+011E (decimal 286)
   defining Unicode char U+011F (decimal 287)
   defining Unicode char U+0130 (decimal 304)
   defining Unicode char U+0131 (decimal 305)
   defining Unicode char U+0132 (decimal 306)
   defining Unicode char U+0133 (decimal 307)
   defining Unicode char U+0139 (decimal 313)
   defining Unicode char U+013A (decimal 314)
   defining Unicode char U+013D (decimal 317)
   defining Unicode char U+013E (decimal 318)
   defining Unicode char U+0141 (decimal 321)
   defining Unicode char U+0142 (decimal 322)
   defining Unicode char U+0143 (decimal 323)
   defining Unicode char U+0144 (decimal 324)
   defining Unicode char U+0147 (decimal 327)
   defining Unicode char U+0148 (decimal 328)
   defining Unicode char U+014A (decimal 330)
   defining Unicode char U+014B (decimal 331)
   defining Unicode char U+0150 (decimal 336)
   defining Unicode char U+0151 (decimal 337)
   defining Unicode char U+0152 (decimal 338)
   defining Unicode char U+0153 (decimal 339)
   defining Unicode char U+0154 (decimal 340)
   defining Unicode char U+0155 (decimal 341)
   defining Unicode char U+0158 (decimal 344)
   defining Unicode char U+0159 (decimal 345)
   defining Unicode char U+015A (decimal 346)
   defining Unicode char U+015B (decimal 347)
   defining Unicode char U+015E (decimal 350)
   defining Unicode char U+015F (decimal 351)
   defining Unicode char U+0160 (decimal 352)
   defining Unicode char U+0161 (decimal 353)
   defining Unicode char U+0162 (decimal 354)
   defining Unicode char U+0163 (decimal 355)
   defining Unicode char U+0164 (decimal 356)
   defining Unicode char U+0165 (decimal 357)
   defining Unicode char U+016E (decimal 366)
   defining Unicode char U+016F (decimal 367)
   defining Unicode char U+0170 (decimal 368)
   defining Unicode char U+0171 (decimal 369)
   defining Unicode char U+0178 (decimal 376)
   defining Unicode char U+0179 (decimal 377)
   defining Unicode char U+017A (decimal 378)
   defining Unicode char U+017B (decimal 379)
   defining Unicode char U+017C (decimal 380)
   defining Unicode char U+017D (decimal 381)
   defining Unicode char U+017E (decimal 382)
   defining Unicode char U+200C (decimal 8204)
   defining Unicode char U+2013 (decimal 8211)
   defining Unicode char U+2014 (decimal 8212)
   defining Unicode char U+2018 (decimal 8216)
   defining Unicode char U+2019 (decimal 8217)
   defining Unicode char U+201A (decimal 8218)
   defining Unicode char U+201C (decimal 8220)
   defining Unicode char U+201D (decimal 8221)
   defining Unicode char U+201E (decimal 8222)
   defining Unicode char U+2030 (decimal 8240)
   defining Unicode char U+2031 (decimal 8241)
   defining Unicode char U+2039 (decimal 8249)
   defining Unicode char U+203A (decimal 8250)
   defining Unicode char U+2423 (decimal 9251)
)
Now handling font encoding OT1 ...
... processing UTF-8 mapping file for font encoding OT1
(/usr/share/texlive/texmf-dist/tex/latex/base/ot1enc.dfu
File: ot1enc.dfu 2008/04/05 v1.1m UTF-8 support for inputenc
   defining Unicode char U+00A1 (decimal 161)
   defining Unicode char U+00A3 (decimal 163)
   defining Unicode char U+00B8 (decimal 184)
   defining Unicode char U+00BF (decimal 191)
   defining Unicode char U+00C5 (decimal 197)
   defining Unicode char U+00C6 (decimal 198)
   defining Unicode char U+00D8 (decimal 216)
   defining Unicode char U+00DF (decimal 223)
   defining Unicode char U+00E6 (decimal 230)
   defining Unicode char U+00EC (decimal 236)
   defining Unicode char U+00ED (decimal 237)
   defining Unicode char U+00EE (decimal 238)
   defining Unicode char U+00EF (decimal 239)
   defining Unicode char U+00F8 (decimal 248)
   defining Unicode char U+0131 (decimal 305)
   defining Unicode char U+0141 (decimal 321)
   defining Unicode char U+0142 (decimal 322)
   defining Unicode char U+0152 (decimal 338)
   defining Unicode char U+0153 (decimal 339)
   defining Unicode char U+2013 (decimal 8211)
   defining Unicode char U+2014 (decimal 8212)
   defining Unicode char U+2018 (decimal 8216)
   defining Unicode char U+2019 (decimal 8217)
   defining Unicode char U+201C (decimal 8220)
   defining Unicode char U+201D (decimal 8221)
)
Now handling font encoding OMS ...
... processing UTF-8 mapping file for font encoding OMS
(/usr/share/texlive/texmf-dist/tex/latex/base/omsenc.dfu
File: omsenc.dfu 2008/04/05 v1.1m UTF-8 support for inputenc
   defining Unicode char U+00A7 (decimal 167)
   defining Unicode char U+00B6 (decimal 182)
   defining Unicode char U+00B7 (decimal 183)
   defining Unicode char U+2020 (decimal 8224)
   defining Unicode char U+2021 (decimal 8225)
   defining Unicode char U+2022 (decimal 8226)
)
Now handling font encoding OMX ...
... no UTF-8 mapping file for font encoding OMX
Now handling font encoding U ...
... no UTF-8 mapping file for font encoding U
   defining Unicode char U+00A9 (decimal 169)
   defining Unicode char U+00AA (decimal 170)
   defining Unicode char U+00AE (decimal 174)
   defining Unicode char U+00BA (decimal 186)
   defining Unicode char U+02C6 (decimal 710)
   defining Unicode char U+02DC (decimal 732)
   defining Unicode char U+200C (decimal 8204)
   defining Unicode char U+2026 (decimal 8230)
   defining Unicode char U+2122 (decimal 8482)
   defining Unicode char U+2423 (decimal 9251)
)) (/usr/share/texlive/texmf-dist/tex/latex/graphics/graphicx.sty
Package: graphicx 1999/02/16 v1.0f Enhanced LaTeX Graphics (DPC,SPQR)
(/usr/share/texlive/texmf-dist/tex/latex/graphics/keyval.sty
Package: keyval 1999/03/16 v1.13 key=value parser (DPC)
\KV@toks@=\toks16
) (/usr/share/texlive/texmf-dist/tex/latex/graphics/graphics.sty
Package: graphics 2009/02/05 v1.0o Standard LaTeX Graphics (DPC,SPQR)
(/usr/share/texlive/texmf-dist/tex/latex/graphics/trig.sty
Package: trig 1999/03/16 v1.09 sin cos tan (DPC)
) (/usr/share/texlive/texmf-dist/tex/latex/latexconfig/graphics.cfg
File: graphics.cfg 2010/04/23 v1.9 graphics configuration of TeX Live
)
Package graphics Info: Driver file: dvips.def on input line 91.
(/usr/share/texlive/texmf-dist/tex/latex/graphics/dvips.def
File: dvips.def 1999/02/16 v3.0i Driver-dependant file (DPC,SPQR)
))
\Gin@req@height=\dimen103
\Gin@req@width=\dimen104
) (/usr/share/texlive/texmf-dist/tex/latex/caption/caption.sty
Package: caption 2012/02/19 v3.2f Customizing captions (AR)
(/usr/share/texlive/texmf-dist/tex/latex/caption/caption3.sty
Package: caption3 2012/01/12 v1.4b caption3 kernel (AR)
\captionmargin=\dimen105
\captionmargin@=\dimen106
\captionwidth=\dimen107
\caption@indent=\dimen108
\caption@parindent=\dimen109
\caption@hangindent=\dimen110
)
\c@ContinuedFloat=\count88
) (/usr/share/texlive/texmf-dist/tex/latex/mh/mathtools.sty
Package: mathtools 2012/04/24 v1.12 mathematical typesetting tools
(/usr/share/texlive/texmf-dist/tex/latex/tools/calc.sty
Package: calc 2007/08/22 v4.3 Infix arithmetic (KKT,FJ)
\calc@Acount=\count89
\calc@Bcount=\count90
\calc@Adimen=\dimen111
\calc@Bdimen=\dimen112
\calc@Askip=\skip43
\calc@Bskip=\skip44
LaTeX Info: Redefining \setlength on input line 76.
LaTeX Info: Redefining \addtolength on input line 77.
\calc@Ccount=\count91
\calc@Cskip=\skip45
) (/usr/share/texlive/texmf-dist/tex/latex/mh/mhsetup.sty
Package: mhsetup 2010/01/21 v1.2a programming setup (MH)
) (/usr/share/texlive/texmf-dist/tex/latex/amsmath/amsmath.sty
Package: amsmath 2000/07/18 v2.13 AMS math features
\@mathmargin=\skip46
For additional information on amsmath, use the `?' option.
(/usr/share/texlive/texmf-dist/tex/latex/amsmath/amstext.sty
Package: amstext 2000/06/29 v2.01
(/usr/share/texlive/texmf-dist/tex/latex/amsmath/amsgen.sty
File: amsgen.sty 1999/11/30 v2.0
\@emptytoks=\toks17
\ex@=\dimen113
)) (/usr/share/texlive/texmf-dist/tex/latex/amsmath/amsbsy.sty
Package: amsbsy 1999/11/29 v1.2d
\pmbraise@=\dimen114
) (/usr/share/texlive/texmf-dist/tex/latex/amsmath/amsopn.sty
Package: amsopn 1999/12/14 v2.01 operator names
)
\inf@bad=\count92
LaTeX Info: Redefining \frac on input line 211.
\uproot@=\count93
\leftroot@=\count94
LaTeX Info: Redefining \overline on input line 307.
\classnum@=\count95
\DOTSCASE@=\count96
LaTeX Info: Redefining \ldots on input line 379.
LaTeX Info: Redefining \dots on input line 382.
LaTeX Info: Redefining \cdots on input line 467.
\Mathstrutbox@=\box26
\strutbox@=\box27
\big@size=\dimen115
LaTeX Font Info:    Redeclaring font encoding OML on input line 567.
LaTeX Font Info:    Redeclaring font encoding OMS on input line 568.
\macc@depth=\count97
\c@MaxMatrixCols=\count98
\dotsspace@=\muskip10
\c@parentequation=\count99
\dspbrk@lvl=\count100
\tag@help=\toks18
\row@=\count101
\column@=\count102
\maxfields@=\count103
\andhelp@=\toks19
\eqnshift@=\dimen116
\alignsep@=\dimen117
\tagshift@=\dimen118
\tagwidth@=\dimen119
\totwidth@=\dimen120
\lineht@=\dimen121
\@envbody=\toks20
\multlinegap=\skip47
\multlinetaggap=\skip48
\mathdisplay@stack=\toks21
LaTeX Info: Redefining \[ on input line 2666.
LaTeX Info: Redefining \] on input line 2667.
)
\g_MT_multlinerow_int=\count104
\l_MT_multwidth_dim=\dimen122
\origjot=\skip49
\l_MT_shortvdotswithinadjustabove_dim=\dimen123
\l_MT_shortvdotswithinadjustbelow_dim=\dimen124
\l_MT_above_intertext_dim=\dimen125
\l_MT_below_intertext_dim=\dimen126
\l_MT_above_shortintertext_dim=\dimen127
\l_MT_below_shortintertext_dim=\dimen128
) (/usr/share/texlive/texmf-dist/tex/latex/setspace/setspace.sty
Package: setspace 2011/12/19 v6.7a set line spacing
) (/usr/share/texlive/texmf-dist/tex/latex/graphics/color.sty
Package: color 2005/11/14 v1.0j Standard LaTeX Color (DPC)
(/usr/share/texlive/texmf-dist/tex/latex/latexconfig/color.cfg
File: color.cfg 2007/01/18 v1.5 color configuration of teTeX/TeXLive
)
Package color Info: Driver file: dvips.def on input line 130.
(/usr/share/texlive/texmf-dist/tex/latex/graphics/dvipsnam.def
File: dvipsnam.def 1999/02/16 v3.0i Driver-dependant file (DPC,SPQR)
))

! LaTeX Error: Option clash for package inputenc.

See the LaTeX manual or LaTeX Companion for explanation.
Type  H <return>  for immediate help.
 ...                                              
                                                  
l.27 
     
The package inputenc has already been loaded with options:
  [utf8]
There has now been an attempt to load it with options
  [latin1]
Adding the global options:
  utf8,latin1
to your \documentclass declaration may fix this.
Try typing  <return>  to proceed.

\sizebox=\box28
\lthtmlwrite=\write3
(./images.aux)
\openout1 = `images.aux'.

LaTeX Font Info:    Checking defaults for OML/cmm/m/it on input line 130.
LaTeX Font Info:    ... okay on input line 130.
LaTeX Font Info:    Checking defaults for T1/cmr/m/n on input line 130.
LaTeX Font Info:    ... okay on input line 130.
LaTeX Font Info:    Checking defaults for OT1/cmr/m/n on input line 130.
LaTeX Font Info:    ... okay on input line 130.
LaTeX Font Info:    Checking defaults for OMS/cmsy/m/n on input line 130.
LaTeX Font Info:    ... okay on input line 130.
LaTeX Font Info:    Checking defaults for OMX/cmex/m/n on input line 130.
LaTeX Font Info:    ... okay on input line 130.
LaTeX Font Info:    Checking defaults for U/cmr/m/n on input line 130.
LaTeX Font Info:    ... okay on input line 130.
Package caption Info: Begin \AtBeginDocument code.
Package caption Info: End \AtBeginDocument code.
(/media/joe/Milarepa/Quall_Docs/tamara/paper/equations.aux

LaTeX Warning: Label `sec:npwaveq_nd' multiply defined.


LaTeX Warning: Label `stressnorm' multiply defined.


LaTeX Warning: Label `dispgrad' multiply defined.


LaTeX Warning: Label `strain' multiply defined.


LaTeX Warning: Label `forcecomp' multiply defined.


LaTeX Warning: Label `motioncomp' multiply defined.


LaTeX Warning: Label `motion' multiply defined.


LaTeX Warning: Label `ecrelation' multiply defined.


LaTeX Warning: Label `tab:tensor' multiply defined.


LaTeX Warning: Label `recrelation' multiply defined.


LaTeX Warning: Label `npwaveq' multiply defined.


LaTeX Warning: Label `kinetic' multiply defined.


LaTeX Warning: Label `potential' multiply defined.


LaTeX Warning: Label `sec:lossy' multiply defined.


LaTeX Warning: Label `planewave' multiply defined.


LaTeX Warning: Label `drelation' multiply defined.


LaTeX Warning: Label `tviscous' multiply defined.


LaTeX Warning: Label `ttotal' multiply defined.


LaTeX Warning: Label `tcomplex' multiply defined.


LaTeX Warning: Label `dampednpwe' multiply defined.


LaTeX Warning: Label `ddispersion' multiply defined.


LaTeX Warning: Label `rdispersion' multiply defined.


LaTeX Warning: Label `idispersion' multiply defined.


LaTeX Warning: Label `alpha' multiply defined.


LaTeX Warning: Label `akinetic' multiply defined.


LaTeX Warning: Label `apotential' multiply defined.


LaTeX Warning: Label `etotal' multiply defined.


LaTeX Warning: Label `ptotal' multiply defined.


LaTeX Warning: Label `sec:waves' multiply defined.


LaTeX Warning: Label `sec:impedance' multiply defined.


LaTeX Warning: Label `z0F' multiply defined.


LaTeX Warning: Label `z0B' multiply defined.


LaTeX Warning: Label `limptv' multiply defined.


LaTeX Warning: Label `gamma' multiply defined.


LaTeX Warning: Label `limptv2' multiply defined.


LaTeX Warning: Label `rimptv' multiply defined.


LaTeX Warning: Label `zgamma' multiply defined.


LaTeX Warning: Label `stc_ptc' multiply defined.


LaTeX Warning: Label `freeboundary' multiply defined.


LaTeX Warning: Label `sec:refrac' multiply defined.


LaTeX Warning: Label `lame' multiply defined.


LaTeX Warning: Label `snell_li' multiply defined.


LaTeX Warning: Label `gamma_llsl' multiply defined.


LaTeX Warning: Label `snell_si' multiply defined.


LaTeX Warning: Label `saw' multiply defined.


LaTeX Warning: Label `sec:modes' multiply defined.


LaTeX Warning: Label `0thmode' multiply defined.


LaTeX Warning: Label `mode_ortho' multiply defined.


LaTeX Warning: Label `mode_kenergy_n' multiply defined.


LaTeX Warning: Label `mode_kenergy_m' multiply defined.


LaTeX Warning: Label `sec:PDEmodes' multiply defined.


LaTeX Warning: Label `companion' multiply defined.


LaTeX Warning: Label `homogeneous_exp' multiply defined.


LaTeX Warning: Label `coef_regression' multiply defined.


LaTeX Warning: Label `residual_regress' multiply defined.


LaTeX Warning: Label `sec:modes_other' multiply defined.


LaTeX Warning: Label `normal_eq' multiply defined.


LaTeX Warning: Label `diag_dmd' multiply defined.


LaTeX Warning: Label `sec:modesolver' multiply defined.


LaTeX Warning: Label `covariance_w' multiply defined.


LaTeX Warning: Label `covariance_part' multiply defined.


LaTeX Warning: Label `companion_part' multiply defined.


LaTeX Warning: Label `sec:practical' multiply defined.


LaTeX Warning: Label `sec:coupling' multiply defined.


LaTeX Warning: Label `pecrelation' multiply defined.


LaTeX Warning: Label `pwaveq' multiply defined.


LaTeX Warning: Label `pwaveq_phi' multiply defined.


LaTeX Warning: Label `pwaveq_plane' multiply defined.


LaTeX Warning: Label `pvelocity_K' multiply defined.


LaTeX Warning: Label `sec:optics' multiply defined.


LaTeX Warning: Label `maxwell' multiply defined.


LaTeX Warning: Label `waveq_light' multiply defined.


LaTeX Warning: Label `em_energy' multiply defined.


LaTeX Warning: Label `EvB' multiply defined.


LaTeX Warning: Label `emEtotal' multiply defined.


LaTeX Warning: Label `poynting' multiply defined.


LaTeX Warning: Label `irradiance' multiply defined.


LaTeX Warning: Label `snell_em' multiply defined.


LaTeX Warning: Label `fresnel' multiply defined.


LaTeX Warning: Label `airy_patt' multiply defined.


LaTeX Warning: Label `sec:lasers' multiply defined.


LaTeX Warning: Label `rect_mode' multiply defined.


LaTeX Warning: Label `circ_mode' multiply defined.


LaTeX Warning: Label `gauss' multiply defined.


LaTeX Warning: Label `wz' multiply defined.


LaTeX Warning: Label `zr' multiply defined.


LaTeX Warning: Label `rz' multiply defined.


LaTeX Warning: Label `psiz' multiply defined.


LaTeX Warning: Label `fadiv' multiply defined.


LaTeX Warning: Label `mixed_mode' multiply defined.


LaTeX Warning: Label `sec:optical_tech' multiply defined.


LaTeX Warning: Label `mfringe' multiply defined.


LaTeX Warning: Label `haidinger' multiply defined.


LaTeX Warning: Label `chladni' multiply defined.


LaTeX Warning: Label `sec:exp_results' multiply defined.


LaTeX Warning: Label `fig:mode_contours' multiply defined.


LaTeX Warning: Label `Backer2007' multiply defined.


LaTeX Warning: Label `Baker1990' multiply defined.


LaTeX Warning: Label `Ballantine1997' multiply defined.


LaTeX Warning: Label `Bonds2012' multiply defined.


LaTeX Warning: Label `Chen2012' multiply defined.


LaTeX Warning: Label `Courant1937' multiply defined.


LaTeX Warning: Label `Cremer1973' multiply defined.


LaTeX Warning: Label `dewar2012' multiply defined.


LaTeX Warning: Label `Feeny1998' multiply defined.


LaTeX Warning: Label `Fodor2002' multiply defined.


LaTeX Warning: Label `Foucalt1984' multiply defined.


LaTeX Warning: Label `Giuliani2003' multiply defined.


LaTeX Warning: Label `Goodman2005' multiply defined.


LaTeX Warning: Label `Han2003' multiply defined.


LaTeX Warning: Label `Hecht1987' multiply defined.


LaTeX Warning: Label `Jenny2001' multiply defined.


LaTeX Warning: Label `Kerschen2002' multiply defined.


LaTeX Warning: Label `Kino1987' multiply defined.


LaTeX Warning: Label `kuivila2012' multiply defined.


LaTeX Warning: Label `Latour2011' multiply defined.


LaTeX Warning: Label `lucier1995' multiply defined.


LaTeX Warning: Label `lucier2012' multiply defined.


LaTeX Warning: Label `Marshall2004' multiply defined.


LaTeX Warning: Label `Nelson1992' multiply defined.


LaTeX Warning: Label `Pickering1986' multiply defined.


LaTeX Warning: Label `Press1988' multiply defined.


LaTeX Warning: Label `Reid1992' multiply defined.


LaTeX Warning: Label `Roos1996' multiply defined.


LaTeX Warning: Label `scherz07' multiply defined.


LaTeX Warning: Label `Stockmann2007' multiply defined.


LaTeX Warning: Label `Strang2009' multiply defined.


LaTeX Warning: Label `Ullmann2007' multiply defined.


LaTeX Warning: Label `Watkins2010' multiply defined.


LaTeX Warning: Label `yang2012' multiply defined.

)

latex2htmlLength hsize=349.0pt

latex2htmlLength vsize=682.0pt

latex2htmlLength hoffset=0.0pt

latex2htmlLength voffset=0.0pt

latex2htmlLength topmargin=0.0pt

latex2htmlLength topskip=0.00003pt

latex2htmlLength headheight=0.0pt

latex2htmlLength headsep=0.0pt

latex2htmlLength parskip=0.0pt plus 1.0pt

latex2htmlLength oddsidemargin=53.0pt

latex2htmlLength evensidemargin=53.0pt

Chapter 1.

Underfull \hbox (badness 10000) in paragraph at lines 279--292

 []


Underfull \hbox (badness 10000) in paragraph at lines 279--292

 []

! Missing $ inserted.
<inserted text> 
                $
l.488 
      
I've inserted a begin-math/end-math symbol since I think
you left one out. Proceed, with fingers crossed.

! Display math should end with $$.
<to be read again> 
                   \par 
l.488 
      
The `$' that I just saw supposedly matches a previous `$$'.
So I shall assume that you typed `$$' both times.


! LaTeX Error: Bad math environment delimiter.

See the LaTeX manual or LaTeX Companion for explanation.
Type  H <return>  for immediate help.
 ...                                              
                                                  
l.489 \end{equation}
                    
Your command was ignored.
Type  I <command> <return>  to replace it with another command,
or  <return>  to continue without it.

! You can't use `\eqno' in internal vertical mode.
\endmathdisplay@a ...\df@tag \@empty \else \veqno 
                                                  \alt@tag \df@tag \fi \ifx ...
l.489 \end{equation}
                    
Sorry, but I'm not programmed to handle this case;
I'll just pretend that you didn't ask for it.
If you're in the wrong mode, you might be able to
return to the right one by typing `I}' or `I$' or `I\par'.

! Missing $ inserted.
<inserted text> 
                $
l.489 \end{equation}
                    
I've inserted something that you may have forgotten.
(See the <inserted text> above.)
With luck, this will get me unwedged. But if you
really didn't forget anything, try typing `2' now; then
my insertion and my current dilemma will both disappear.

! Display math should end with $$.
<to be read again> 
                   \endgroup 
l.489 \end{equation}
                    
The `$' that I just saw supposedly matches a previous `$$'.
So I shall assume that you typed `$$' both times.

! Dimension too large.
\lthtmllogmath ->\dimen 0\ht \sizebox 
                                      \advance \dimen 0\dp \sizebox \ifdim \...
l.833 \lthtmlfigureZ
                    
I can't work with sizes bigger than about 19 feet.
Continue and I'll use the largest value I can.

! Dimension too large.
<to be read again> 
                   >
l.833 \lthtmlfigureZ
                    
I can't work with sizes bigger than about 19 feet.
Continue and I'll use the largest value I can.

*** image for chapter12 is too tall at 16385.94443pt, reducing to .95 vsize ***

l2hSize :chapter12:647.89792pt::0.0pt::349.0pt.
[1




]

LaTeX Warning: Reference `sec:chladni' on page 2 undefined on input line 849.

*** image for section1018 is too tall at 1285.22772pt, reducing to .95 vsize **
*
l2hSize :section1018:647.89792pt::0.0pt::349.0pt.
[2


]
Overfull \hbox (9.80618pt too wide) in paragraph at lines 932--933
[]\OT1/cmr/m/n/10 The mea-sure-ment works us-ing the fairly sim-ple hy-poth-e-s
is of-fered by Lord Rayleigh:
 []

*** image for section1053 is too tall at 4731.83514pt, reducing to .95 vsize **
*
l2hSize :section1053:647.89792pt::0.0pt::349.0pt.
[3


]
*** image for section1239 is too tall at 2810.78975pt, reducing to .95 vsize **
*
l2hSize :section1239:647.89792pt::0.0pt::349.0pt.
[4


]
*** image for section1384 is too tall at 2431.8511pt, reducing to .95 vsize ***

l2hSize :section1384:647.89792pt::0.0pt::349.0pt.
[5


]
l2hSize :displaymath1533:37.64307pt::0.0pt::349.0pt.
[6


]
Chapter 2.

! LaTeX Error: File `/media/joe/Milarepa/Quall_Docs/miller/experiments/new_exp/
05/trial01/figures/poles' not found.

See the LaTeX manual or LaTeX Companion for explanation.
Type  H <return>  for immediate help.
 ...                                              
                                                  
l.1142 ...iments/new_exp/05/trial01/figures/poles}
                                                  
I could not locate the file with any of these extensions:
.eps,.ps,.eps.gz,.ps.gz,.eps.Z
Try typing  <return>  to proceed.
If that doesn't work, type  X <return>  to quit.


! LaTeX Error: File `/media/joe/Milarepa/Quall_Docs/miller/experiments/new_exp/
06/trial01/figures/poles' not found.

See the LaTeX manual or LaTeX Companion for explanation.
Type  H <return>  for immediate help.
 ...                                              
                                                  
l.1143 ...iments/new_exp/06/trial01/figures/poles}
                                                  
I could not locate the file with any of these extensions:
.eps,.ps,.eps.gz,.ps.gz,.eps.Z
Try typing  <return>  to proceed.
If that doesn't work, type  X <return>  to quit.


! LaTeX Error: File `/media/joe/Milarepa/Quall_Docs/miller/experiments/new_exp/
05/trial02/figures/poles' not found.

See the LaTeX manual or LaTeX Companion for explanation.
Type  H <return>  for immediate help.
 ...                                              
                                                  
l.1145 ...iments/new_exp/05/trial02/figures/poles}
                                                  
I could not locate the file with any of these extensions:
.eps,.ps,.eps.gz,.ps.gz,.eps.Z
Try typing  <return>  to proceed.
If that doesn't work, type  X <return>  to quit.


! LaTeX Error: File `/media/joe/Milarepa/Quall_Docs/miller/experiments/new_exp/
06/trial02/figures/poles' not found.

See the LaTeX manual or LaTeX Companion for explanation.
Type  H <return>  for immediate help.
 ...                                              
                                                  
l.1146 ...iments/new_exp/06/trial02/figures/poles}
                                                  
I could not locate the file with any of these extensions:
.eps,.ps,.eps.gz,.ps.gz,.eps.Z
Try typing  <return>  to proceed.
If that doesn't work, type  X <return>  to quit.


! LaTeX Error: File `/media/joe/Milarepa/Quall_Docs/miller/experiments/new_exp/
05/trial03/figures/poles' not found.

See the LaTeX manual or LaTeX Companion for explanation.
Type  H <return>  for immediate help.
 ...                                              
                                                  
l.1150 ...iments/new_exp/05/trial03/figures/poles}
                                                  
I could not locate the file with any of these extensions:
.eps,.ps,.eps.gz,.ps.gz,.eps.Z
Try typing  <return>  to proceed.
If that doesn't work, type  X <return>  to quit.


! LaTeX Error: File `/media/joe/Milarepa/Quall_Docs/miller/experiments/new_exp/
06/trial03/figures/poles' not found.

See the LaTeX manual or LaTeX Companion for explanation.
Type  H <return>  for immediate help.
 ...                                              
                                                  
l.1151 ...iments/new_exp/06/trial03/figures/poles}
                                                  
I could not locate the file with any of these extensions:
.eps,.ps,.eps.gz,.ps.gz,.eps.Z
Try typing  <return>  to proceed.
If that doesn't work, type  X <return>  to quit.


! LaTeX Error: File `/media/joe/Milarepa/Quall_Docs/miller/experiments/new_exp/
05/trial04/figures/poles' not found.

See the LaTeX manual or LaTeX Companion for explanation.
Type  H <return>  for immediate help.
 ...                                              
                                                  
l.1153 ...iments/new_exp/05/trial04/figures/poles}
                                                  
I could not locate the file with any of these extensions:
.eps,.ps,.eps.gz,.ps.gz,.eps.Z
Try typing  <return>  to proceed.
If that doesn't work, type  X <return>  to quit.


! LaTeX Error: File `/media/joe/Milarepa/Quall_Docs/miller/experiments/new_exp/
06/trial04/figures/poles' not found.

See the LaTeX manual or LaTeX Companion for explanation.
Type  H <return>  for immediate help.
 ...                                              
                                                  
l.1154 ...iments/new_exp/06/trial04/figures/poles}
                                                  
I could not locate the file with any of these extensions:
.eps,.ps,.eps.gz,.ps.gz,.eps.Z
Try typing  <return>  to proceed.
If that doesn't work, type  X <return>  to quit.


! LaTeX Error: File `/media/joe/Milarepa/Quall_Docs/miller/experiments/new_exp/
05/trial05/figures/poles' not found.

See the LaTeX manual or LaTeX Companion for explanation.
Type  H <return>  for immediate help.
 ...                                              
                                                  
l.1158 ...iments/new_exp/05/trial05/figures/poles}
                                                  
I could not locate the file with any of these extensions:
.eps,.ps,.eps.gz,.ps.gz,.eps.Z
Try typing  <return>  to proceed.
If that doesn't work, type  X <return>  to quit.


! LaTeX Error: File `/media/joe/Milarepa/Quall_Docs/miller/experiments/new_exp/
06/trial05/figures/poles' not found.

See the LaTeX manual or LaTeX Companion for explanation.
Type  H <return>  for immediate help.
 ...                                              
                                                  
l.1159 ...iments/new_exp/06/trial05/figures/poles}
                                                  
I could not locate the file with any of these extensions:
.eps,.ps,.eps.gz,.ps.gz,.eps.Z
Try typing  <return>  to proceed.
If that doesn't work, type  X <return>  to quit.


! LaTeX Error: File `/media/joe/Milarepa/Quall_Docs/miller/experiments/new_exp/
05/trial06/figures/poles' not found.

See the LaTeX manual or LaTeX Companion for explanation.
Type  H <return>  for immediate help.
 ...                                              
                                                  
l.1161 ...iments/new_exp/05/trial06/figures/poles}
                                                  
I could not locate the file with any of these extensions:
.eps,.ps,.eps.gz,.ps.gz,.eps.Z
Try typing  <return>  to proceed.
If that doesn't work, type  X <return>  to quit.


! LaTeX Error: File `/media/joe/Milarepa/Quall_Docs/miller/experiments/new_exp/
06/trial06/figures/poles' not found.

See the LaTeX manual or LaTeX Companion for explanation.
Type  H <return>  for immediate help.
 ...                                              
                                                  
l.1162 ...iments/new_exp/06/trial06/figures/poles}
                                                  
I could not locate the file with any of these extensions:
.eps,.ps,.eps.gz,.ps.gz,.eps.Z
Try typing  <return>  to proceed.
If that doesn't work, type  X <return>  to quit.


! LaTeX Error: File `/media/joe/Milarepa/Quall_Docs/miller/experiments/new_exp/
05/trial07/figures/poles' not found.

See the LaTeX manual or LaTeX Companion for explanation.
Type  H <return>  for immediate help.
 ...                                              
                                                  
l.1166 ...iments/new_exp/05/trial07/figures/poles}
                                                  
I could not locate the file with any of these extensions:
.eps,.ps,.eps.gz,.ps.gz,.eps.Z
Try typing  <return>  to proceed.
If that doesn't work, type  X <return>  to quit.


! LaTeX Error: File `/media/joe/Milarepa/Quall_Docs/miller/experiments/new_exp/
06/trial07/figures/poles' not found.

See the LaTeX manual or LaTeX Companion for explanation.
Type  H <return>  for immediate help.
 ...                                              
                                                  
l.1167 ...iments/new_exp/06/trial07/figures/poles}
                                                  
I could not locate the file with any of these extensions:
.eps,.ps,.eps.gz,.ps.gz,.eps.Z
Try typing  <return>  to proceed.
If that doesn't work, type  X <return>  to quit.


! LaTeX Error: File `/media/joe/Milarepa/Quall_Docs/miller/experiments/new_exp/
05/trial08/figures/poles' not found.

See the LaTeX manual or LaTeX Companion for explanation.
Type  H <return>  for immediate help.
 ...                                              
                                                  
l.1169 ...iments/new_exp/05/trial08/figures/poles}
                                                  
I could not locate the file with any of these extensions:
.eps,.ps,.eps.gz,.ps.gz,.eps.Z
Try typing  <return>  to proceed.
If that doesn't work, type  X <return>  to quit.


! LaTeX Error: File `/media/joe/Milarepa/Quall_Docs/miller/experiments/new_exp/
06/trial08/figures/poles' not found.

See the LaTeX manual or LaTeX Companion for explanation.
Type  H <return>  for immediate help.
 ...                                              
                                                  
l.1170 ...iments/new_exp/06/trial08/figures/poles}
                                                  
I could not locate the file with any of these extensions:
.eps,.ps,.eps.gz,.ps.gz,.eps.Z
Try typing  <return>  to proceed.
If that doesn't work, type  X <return>  to quit.


! LaTeX Error: File `/media/joe/Milarepa/Quall_Docs/miller/experiments/new_exp/
05/trial09/figures/poles' not found.

See the LaTeX manual or LaTeX Companion for explanation.
Type  H <return>  for immediate help.
 ...                                              
                                                  
l.1174 ...iments/new_exp/05/trial09/figures/poles}
                                                  
I could not locate the file with any of these extensions:
.eps,.ps,.eps.gz,.ps.gz,.eps.Z
Try typing  <return>  to proceed.
If that doesn't work, type  X <return>  to quit.


! LaTeX Error: File `/media/joe/Milarepa/Quall_Docs/miller/experiments/new_exp/
06/trial09/figures/poles' not found.

See the LaTeX manual or LaTeX Companion for explanation.
Type  H <return>  for immediate help.
 ...                                              
                                                  
l.1175 ...iments/new_exp/06/trial09/figures/poles}
                                                  
I could not locate the file with any of these extensions:
.eps,.ps,.eps.gz,.ps.gz,.eps.Z
Try typing  <return>  to proceed.
If that doesn't work, type  X <return>  to quit.


! LaTeX Error: File `/media/joe/Milarepa/Quall_Docs/miller/experiments/new_exp/
05/trial10/figures/poles' not found.

See the LaTeX manual or LaTeX Companion for explanation.
Type  H <return>  for immediate help.
 ...                                              
                                                  
l.1177 ...iments/new_exp/05/trial10/figures/poles}
                                                  
I could not locate the file with any of these extensions:
.eps,.ps,.eps.gz,.ps.gz,.eps.Z
Try typing  <return>  to proceed.
If that doesn't work, type  X <return>  to quit.


! LaTeX Error: File `/media/joe/Milarepa/Quall_Docs/miller/experiments/new_exp/
06/trial10/figures/poles' not found.

See the LaTeX manual or LaTeX Companion for explanation.
Type  H <return>  for immediate help.
 ...                                              
                                                  
l.1178 ...iments/new_exp/06/trial10/figures/poles}
                                                  
I could not locate the file with any of these extensions:
.eps,.ps,.eps.gz,.ps.gz,.eps.Z
Try typing  <return>  to proceed.
If that doesn't work, type  X <return>  to quit.


! LaTeX Error: File `/media/joe/Milarepa/Quall_Docs/miller/experiments/new_exp/
07/trial01/figures/poles' not found.

See the LaTeX manual or LaTeX Companion for explanation.
Type  H <return>  for immediate help.
 ...                                              
                                                  
l.1182 ...iments/new_exp/07/trial01/figures/poles}
                                                  
I could not locate the file with any of these extensions:
.eps,.ps,.eps.gz,.ps.gz,.eps.Z
Try typing  <return>  to proceed.
If that doesn't work, type  X <return>  to quit.


! LaTeX Error: File `/media/joe/Milarepa/Quall_Docs/miller/experiments/new_exp/
08/trial01/figures/poles' not found.

See the LaTeX manual or LaTeX Companion for explanation.
Type  H <return>  for immediate help.
 ...                                              
                                                  
l.1183 ...iments/new_exp/08/trial01/figures/poles}
                                                  
I could not locate the file with any of these extensions:
.eps,.ps,.eps.gz,.ps.gz,.eps.Z
Try typing  <return>  to proceed.
If that doesn't work, type  X <return>  to quit.


! LaTeX Error: File `/media/joe/Milarepa/Quall_Docs/miller/experiments/new_exp/
07/trial02/figures/poles' not found.

See the LaTeX manual or LaTeX Companion for explanation.
Type  H <return>  for immediate help.
 ...                                              
                                                  
l.1187 ...iments/new_exp/07/trial02/figures/poles}
                                                  
I could not locate the file with any of these extensions:
.eps,.ps,.eps.gz,.ps.gz,.eps.Z
Try typing  <return>  to proceed.
If that doesn't work, type  X <return>  to quit.


! LaTeX Error: File `/media/joe/Milarepa/Quall_Docs/miller/experiments/new_exp/
08/trial02/figures/poles' not found.

See the LaTeX manual or LaTeX Companion for explanation.
Type  H <return>  for immediate help.
 ...                                              
                                                  
l.1188 ...iments/new_exp/08/trial02/figures/poles}
                                                  
I could not locate the file with any of these extensions:
.eps,.ps,.eps.gz,.ps.gz,.eps.Z
Try typing  <return>  to proceed.
If that doesn't work, type  X <return>  to quit.


! LaTeX Error: File `/media/joe/Milarepa/Quall_Docs/miller/experiments/new_exp/
07/trial03/figures/poles' not found.

See the LaTeX manual or LaTeX Companion for explanation.
Type  H <return>  for immediate help.
 ...                                              
                                                  
l.1192 ...iments/new_exp/07/trial03/figures/poles}
                                                  
I could not locate the file with any of these extensions:
.eps,.ps,.eps.gz,.ps.gz,.eps.Z
Try typing  <return>  to proceed.
If that doesn't work, type  X <return>  to quit.


! LaTeX Error: File `/media/joe/Milarepa/Quall_Docs/miller/experiments/new_exp/
08/trial03/figures/poles' not found.

See the LaTeX manual or LaTeX Companion for explanation.
Type  H <return>  for immediate help.
 ...                                              
                                                  
l.1193 ...iments/new_exp/08/trial03/figures/poles}
                                                  
I could not locate the file with any of these extensions:
.eps,.ps,.eps.gz,.ps.gz,.eps.Z
Try typing  <return>  to proceed.
If that doesn't work, type  X <return>  to quit.


! LaTeX Error: File `/media/joe/Milarepa/Quall_Docs/miller/experiments/new_exp/
07/trial04/figures/poles' not found.

See the LaTeX manual or LaTeX Companion for explanation.
Type  H <return>  for immediate help.
 ...                                              
                                                  
l.1195 ...iments/new_exp/07/trial04/figures/poles}
                                                  
I could not locate the file with any of these extensions:
.eps,.ps,.eps.gz,.ps.gz,.eps.Z
Try typing  <return>  to proceed.
If that doesn't work, type  X <return>  to quit.


! LaTeX Error: File `/media/joe/Milarepa/Quall_Docs/miller/experiments/new_exp/
08/trial04/figures/poles' not found.

See the LaTeX manual or LaTeX Companion for explanation.
Type  H <return>  for immediate help.
 ...                                              
                                                  
l.1196 ...iments/new_exp/08/trial04/figures/poles}
                                                  
I could not locate the file with any of these extensions:
.eps,.ps,.eps.gz,.ps.gz,.eps.Z
Try typing  <return>  to proceed.
If that doesn't work, type  X <return>  to quit.


! LaTeX Error: File `/media/joe/Milarepa/Quall_Docs/miller/experiments/new_exp/
07/trial05/figures/poles' not found.

See the LaTeX manual or LaTeX Companion for explanation.
Type  H <return>  for immediate help.
 ...                                              
                                                  
l.1200 ...iments/new_exp/07/trial05/figures/poles}
                                                  
I could not locate the file with any of these extensions:
.eps,.ps,.eps.gz,.ps.gz,.eps.Z
Try typing  <return>  to proceed.
If that doesn't work, type  X <return>  to quit.


! LaTeX Error: File `/media/joe/Milarepa/Quall_Docs/miller/experiments/new_exp/
08/trial05/figures/poles' not found.

See the LaTeX manual or LaTeX Companion for explanation.
Type  H <return>  for immediate help.
 ...                                              
                                                  
l.1201 ...iments/new_exp/08/trial05/figures/poles}
                                                  
I could not locate the file with any of these extensions:
.eps,.ps,.eps.gz,.ps.gz,.eps.Z
Try typing  <return>  to proceed.
If that doesn't work, type  X <return>  to quit.


! LaTeX Error: File `/media/joe/Milarepa/Quall_Docs/miller/experiments/new_exp/
07/trial06/figures/poles' not found.

See the LaTeX manual or LaTeX Companion for explanation.
Type  H <return>  for immediate help.
 ...                                              
                                                  
l.1203 ...iments/new_exp/07/trial06/figures/poles}
                                                  
I could not locate the file with any of these extensions:
.eps,.ps,.eps.gz,.ps.gz,.eps.Z
Try typing  <return>  to proceed.
If that doesn't work, type  X <return>  to quit.


! LaTeX Error: File `/media/joe/Milarepa/Quall_Docs/miller/experiments/new_exp/
08/trial06/figures/poles' not found.

See the LaTeX manual or LaTeX Companion for explanation.
Type  H <return>  for immediate help.
 ...                                              
                                                  
l.1204 ...iments/new_exp/08/trial06/figures/poles}
                                                  
I could not locate the file with any of these extensions:
.eps,.ps,.eps.gz,.ps.gz,.eps.Z
Try typing  <return>  to proceed.
If that doesn't work, type  X <return>  to quit.


! LaTeX Error: File `/media/joe/Milarepa/Quall_Docs/miller/experiments/new_exp/
07/trial07/figures/poles' not found.

See the LaTeX manual or LaTeX Companion for explanation.
Type  H <return>  for immediate help.
 ...                                              
                                                  
l.1208 ...iments/new_exp/07/trial07/figures/poles}
                                                  
I could not locate the file with any of these extensions:
.eps,.ps,.eps.gz,.ps.gz,.eps.Z
Try typing  <return>  to proceed.
If that doesn't work, type  X <return>  to quit.


! LaTeX Error: File `/media/joe/Milarepa/Quall_Docs/miller/experiments/new_exp/
08/trial07/figures/poles' not found.

See the LaTeX manual or LaTeX Companion for explanation.
Type  H <return>  for immediate help.
 ...                                              
                                                  
l.1209 ...iments/new_exp/08/trial07/figures/poles}
                                                  
I could not locate the file with any of these extensions:
.eps,.ps,.eps.gz,.ps.gz,.eps.Z
Try typing  <return>  to proceed.
If that doesn't work, type  X <return>  to quit.


! LaTeX Error: File `/media/joe/Milarepa/Quall_Docs/miller/experiments/new_exp/
07/trial08/figures/poles' not found.

See the LaTeX manual or LaTeX Companion for explanation.
Type  H <return>  for immediate help.
 ...                                              
                                                  
l.1211 ...iments/new_exp/07/trial08/figures/poles}
                                                  
I could not locate the file with any of these extensions:
.eps,.ps,.eps.gz,.ps.gz,.eps.Z
Try typing  <return>  to proceed.
If that doesn't work, type  X <return>  to quit.


! LaTeX Error: File `/media/joe/Milarepa/Quall_Docs/miller/experiments/new_exp/
08/trial08/figures/poles' not found.

See the LaTeX manual or LaTeX Companion for explanation.
Type  H <return>  for immediate help.
 ...                                              
                                                  
l.1212 ...iments/new_exp/08/trial08/figures/poles}
                                                  
I could not locate the file with any of these extensions:
.eps,.ps,.eps.gz,.ps.gz,.eps.Z
Try typing  <return>  to proceed.
If that doesn't work, type  X <return>  to quit.


! LaTeX Error: File `/media/joe/Milarepa/Quall_Docs/miller/experiments/new_exp/
07/trial09/figures/poles' not found.

See the LaTeX manual or LaTeX Companion for explanation.
Type  H <return>  for immediate help.
 ...                                              
                                                  
l.1216 ...iments/new_exp/07/trial09/figures/poles}
                                                  
I could not locate the file with any of these extensions:
.eps,.ps,.eps.gz,.ps.gz,.eps.Z
Try typing  <return>  to proceed.
If that doesn't work, type  X <return>  to quit.


! LaTeX Error: File `/media/joe/Milarepa/Quall_Docs/miller/experiments/new_exp/
08/trial09/figures/poles' not found.

See the LaTeX manual or LaTeX Companion for explanation.
Type  H <return>  for immediate help.
 ...                                              
                                                  
l.1217 ...iments/new_exp/08/trial09/figures/poles}
                                                  
I could not locate the file with any of these extensions:
.eps,.ps,.eps.gz,.ps.gz,.eps.Z
Try typing  <return>  to proceed.
If that doesn't work, type  X <return>  to quit.


! LaTeX Error: File `/media/joe/Milarepa/Quall_Docs/miller/experiments/new_exp/
07/trial10/figures/poles' not found.

See the LaTeX manual or LaTeX Companion for explanation.
Type  H <return>  for immediate help.
 ...                                              
                                                  
l.1219 ...iments/new_exp/07/trial10/figures/poles}
                                                  
I could not locate the file with any of these extensions:
.eps,.ps,.eps.gz,.ps.gz,.eps.Z
Try typing  <return>  to proceed.
If that doesn't work, type  X <return>  to quit.


! LaTeX Error: File `/media/joe/Milarepa/Quall_Docs/miller/experiments/new_exp/
08/trial10/figures/poles' not found.

See the LaTeX manual or LaTeX Companion for explanation.
Type  H <return>  for immediate help.
 ...                                              
                                                  
l.1220 ...iments/new_exp/08/trial10/figures/poles}
                                                  
I could not locate the file with any of these extensions:
.eps,.ps,.eps.gz,.ps.gz,.eps.Z
Try typing  <return>  to proceed.
If that doesn't work, type  X <return>  to quit.


! LaTeX Error: File `/media/joe/Milarepa/Quall_Docs/miller/experiments/new_exp/
05/trial10/figures/mode01' not found.

See the LaTeX manual or LaTeX Companion for explanation.
Type  H <return>  for immediate help.
 ...                                              
                                                  
l.1224 ...ments/new_exp/05/trial10/figures/mode01}
                                                  
I could not locate the file with any of these extensions:
.eps,.ps,.eps.gz,.ps.gz,.eps.Z
Try typing  <return>  to proceed.
If that doesn't work, type  X <return>  to quit.


! LaTeX Error: File `/media/joe/Milarepa/Quall_Docs/miller/experiments/new_exp/
05/trial10/figures/mode02' not found.

See the LaTeX manual or LaTeX Companion for explanation.
Type  H <return>  for immediate help.
 ...                                              
                                                  
l.1225 ...ments/new_exp/05/trial10/figures/mode02}
                                                  
I could not locate the file with any of these extensions:
.eps,.ps,.eps.gz,.ps.gz,.eps.Z
Try typing  <return>  to proceed.
If that doesn't work, type  X <return>  to quit.


! LaTeX Error: File `/media/joe/Milarepa/Quall_Docs/miller/experiments/new_exp/
05/trial10/figures/mode03' not found.

See the LaTeX manual or LaTeX Companion for explanation.
Type  H <return>  for immediate help.
 ...                                              
                                                  
l.1227 ...ments/new_exp/05/trial10/figures/mode03}
                                                  
I could not locate the file with any of these extensions:
.eps,.ps,.eps.gz,.ps.gz,.eps.Z
Try typing  <return>  to proceed.
If that doesn't work, type  X <return>  to quit.


! LaTeX Error: File `/media/joe/Milarepa/Quall_Docs/miller/experiments/new_exp/
05/trial10/figures/mode04' not found.

See the LaTeX manual or LaTeX Companion for explanation.
Type  H <return>  for immediate help.
 ...                                              
                                                  
l.1228 ...ments/new_exp/05/trial10/figures/mode04}
                                                  
I could not locate the file with any of these extensions:
.eps,.ps,.eps.gz,.ps.gz,.eps.Z
Try typing  <return>  to proceed.
If that doesn't work, type  X <return>  to quit.


! LaTeX Error: File `/media/joe/Milarepa/Quall_Docs/miller/experiments/new_exp/
05/trial10/figures/mode05' not found.

See the LaTeX manual or LaTeX Companion for explanation.
Type  H <return>  for immediate help.
 ...                                              
                                                  
l.1230 ...ments/new_exp/05/trial10/figures/mode05}
                                                  
I could not locate the file with any of these extensions:
.eps,.ps,.eps.gz,.ps.gz,.eps.Z
Try typing  <return>  to proceed.
If that doesn't work, type  X <return>  to quit.


! LaTeX Error: File `/media/joe/Milarepa/Quall_Docs/miller/experiments/new_exp/
05/trial10/figures/mode06' not found.

See the LaTeX manual or LaTeX Companion for explanation.
Type  H <return>  for immediate help.
 ...                                              
                                                  
l.1231 ...ments/new_exp/05/trial10/figures/mode06}
                                                  
I could not locate the file with any of these extensions:
.eps,.ps,.eps.gz,.ps.gz,.eps.Z
Try typing  <return>  to proceed.
If that doesn't work, type  X <return>  to quit.


! LaTeX Error: File `/media/joe/Milarepa/Quall_Docs/miller/experiments/new_exp/
05/trial10/figures/mode07' not found.

See the LaTeX manual or LaTeX Companion for explanation.
Type  H <return>  for immediate help.
 ...                                              
                                                  
l.1235 ...ments/new_exp/05/trial10/figures/mode07}
                                                  
I could not locate the file with any of these extensions:
.eps,.ps,.eps.gz,.ps.gz,.eps.Z
Try typing  <return>  to proceed.
If that doesn't work, type  X <return>  to quit.


! LaTeX Error: File `/media/joe/Milarepa/Quall_Docs/miller/experiments/new_exp/
05/trial10/figures/mode08' not found.

See the LaTeX manual or LaTeX Companion for explanation.
Type  H <return>  for immediate help.
 ...                                              
                                                  
l.1236 ...ments/new_exp/05/trial10/figures/mode08}
                                                  
I could not locate the file with any of these extensions:
.eps,.ps,.eps.gz,.ps.gz,.eps.Z
Try typing  <return>  to proceed.
If that doesn't work, type  X <return>  to quit.


! LaTeX Error: File `/media/joe/Milarepa/Quall_Docs/miller/experiments/new_exp/
05/trial10/figures/mode09' not found.

See the LaTeX manual or LaTeX Companion for explanation.
Type  H <return>  for immediate help.
 ...                                              
                                                  
l.1238 ...ments/new_exp/05/trial10/figures/mode09}
                                                  
I could not locate the file with any of these extensions:
.eps,.ps,.eps.gz,.ps.gz,.eps.Z
Try typing  <return>  to proceed.
If that doesn't work, type  X <return>  to quit.


! LaTeX Error: File `/media/joe/Milarepa/Quall_Docs/miller/experiments/new_exp/
05/trial10/figures/mode10' not found.

See the LaTeX manual or LaTeX Companion for explanation.
Type  H <return>  for immediate help.
 ...                                              
                                                  
l.1239 ...ments/new_exp/05/trial10/figures/mode10}
                                                  
I could not locate the file with any of these extensions:
.eps,.ps,.eps.gz,.ps.gz,.eps.Z
Try typing  <return>  to proceed.
If that doesn't work, type  X <return>  to quit.


! LaTeX Error: File `/media/joe/Milarepa/Quall_Docs/miller/experiments/new_exp/
05/trial10/figures/mode11' not found.

See the LaTeX manual or LaTeX Companion for explanation.
Type  H <return>  for immediate help.
 ...                                              
                                                  
l.1241 ...ments/new_exp/05/trial10/figures/mode11}
                                                  
I could not locate the file with any of these extensions:
.eps,.ps,.eps.gz,.ps.gz,.eps.Z
Try typing  <return>  to proceed.
If that doesn't work, type  X <return>  to quit.


! LaTeX Error: File `/media/joe/Milarepa/Quall_Docs/miller/experiments/new_exp/
05/trial10/figures/mode12' not found.

See the LaTeX manual or LaTeX Companion for explanation.
Type  H <return>  for immediate help.
 ...                                              
                                                  
l.1242 ...ments/new_exp/05/trial10/figures/mode12}
                                                  
I could not locate the file with any of these extensions:
.eps,.ps,.eps.gz,.ps.gz,.eps.Z
Try typing  <return>  to proceed.
If that doesn't work, type  X <return>  to quit.


! LaTeX Error: File `/media/joe/Milarepa/Quall_Docs/miller/experiments/new_exp/
05/trial10/figures/mode13' not found.

See the LaTeX manual or LaTeX Companion for explanation.
Type  H <return>  for immediate help.
 ...                                              
                                                  
l.1246 ...ments/new_exp/05/trial10/figures/mode13}
                                                  
I could not locate the file with any of these extensions:
.eps,.ps,.eps.gz,.ps.gz,.eps.Z
Try typing  <return>  to proceed.
If that doesn't work, type  X <return>  to quit.


! LaTeX Error: File `/media/joe/Milarepa/Quall_Docs/miller/experiments/new_exp/
05/trial10/figures/mode14' not found.

See the LaTeX manual or LaTeX Companion for explanation.
Type  H <return>  for immediate help.
 ...                                              
                                                  
l.1247 ...ments/new_exp/05/trial10/figures/mode14}
                                                  
I could not locate the file with any of these extensions:
.eps,.ps,.eps.gz,.ps.gz,.eps.Z
Try typing  <return>  to proceed.
If that doesn't work, type  X <return>  to quit.


! LaTeX Error: File `/media/joe/Milarepa/Quall_Docs/miller/experiments/new_exp/
05/trial10/figures/mode15' not found.

See the LaTeX manual or LaTeX Companion for explanation.
Type  H <return>  for immediate help.
 ...                                              
                                                  
l.1249 ...ments/new_exp/05/trial10/figures/mode15}
                                                  
I could not locate the file with any of these extensions:
.eps,.ps,.eps.gz,.ps.gz,.eps.Z
Try typing  <return>  to proceed.
If that doesn't work, type  X <return>  to quit.


! LaTeX Error: File `/media/joe/Milarepa/Quall_Docs/miller/experiments/new_exp/
05/trial10/figures/mode16' not found.

See the LaTeX manual or LaTeX Companion for explanation.
Type  H <return>  for immediate help.
 ...                                              
                                                  
l.1250 ...ments/new_exp/05/trial10/figures/mode16}
                                                  
I could not locate the file with any of these extensions:
.eps,.ps,.eps.gz,.ps.gz,.eps.Z
Try typing  <return>  to proceed.
If that doesn't work, type  X <return>  to quit.


! LaTeX Error: File `/media/joe/Milarepa/Quall_Docs/miller/experiments/new_exp/
05/trial10/figures/mode17' not found.

See the LaTeX manual or LaTeX Companion for explanation.
Type  H <return>  for immediate help.
 ...                                              
                                                  
l.1252 ...ments/new_exp/05/trial10/figures/mode17}
                                                  
I could not locate the file with any of these extensions:
.eps,.ps,.eps.gz,.ps.gz,.eps.Z
Try typing  <return>  to proceed.
If that doesn't work, type  X <return>  to quit.


! LaTeX Error: File `/media/joe/Milarepa/Quall_Docs/miller/experiments/new_exp/
05/trial10/figures/mode18' not found.

See the LaTeX manual or LaTeX Companion for explanation.
Type  H <return>  for immediate help.
 ...                                              
                                                  
l.1253 ...ments/new_exp/05/trial10/figures/mode18}
                                                  
I could not locate the file with any of these extensions:
.eps,.ps,.eps.gz,.ps.gz,.eps.Z
Try typing  <return>  to proceed.
If that doesn't work, type  X <return>  to quit.


! LaTeX Error: File `/media/joe/Milarepa/Quall_Docs/miller/experiments/new_exp/
05/trial10/figures/mode19' not found.

See the LaTeX manual or LaTeX Companion for explanation.
Type  H <return>  for immediate help.
 ...                                              
                                                  
l.1257 ...ments/new_exp/05/trial10/figures/mode19}
                                                  
I could not locate the file with any of these extensions:
.eps,.ps,.eps.gz,.ps.gz,.eps.Z
Try typing  <return>  to proceed.
If that doesn't work, type  X <return>  to quit.


! LaTeX Error: File `/media/joe/Milarepa/Quall_Docs/miller/experiments/new_exp/
05/trial10/figures/mode20' not found.

See the LaTeX manual or LaTeX Companion for explanation.
Type  H <return>  for immediate help.
 ...                                              
                                                  
l.1258 ...ments/new_exp/05/trial10/figures/mode20}
                                                  
I could not locate the file with any of these extensions:
.eps,.ps,.eps.gz,.ps.gz,.eps.Z
Try typing  <return>  to proceed.
If that doesn't work, type  X <return>  to quit.


! LaTeX Error: File `/media/joe/Milarepa/Quall_Docs/miller/experiments/new_exp/
05/trial10/figures/mode21' not found.

See the LaTeX manual or LaTeX Companion for explanation.
Type  H <return>  for immediate help.
 ...                                              
                                                  
l.1260 ...ments/new_exp/05/trial10/figures/mode21}
                                                  
I could not locate the file with any of these extensions:
.eps,.ps,.eps.gz,.ps.gz,.eps.Z
Try typing  <return>  to proceed.
If that doesn't work, type  X <return>  to quit.


! LaTeX Error: File `/media/joe/Milarepa/Quall_Docs/miller/experiments/new_exp/
05/trial10/figures/mode22' not found.

See the LaTeX manual or LaTeX Companion for explanation.
Type  H <return>  for immediate help.
 ...                                              
                                                  
l.1261 ...ments/new_exp/05/trial10/figures/mode22}
                                                  
I could not locate the file with any of these extensions:
.eps,.ps,.eps.gz,.ps.gz,.eps.Z
Try typing  <return>  to proceed.
If that doesn't work, type  X <return>  to quit.


! LaTeX Error: File `/media/joe/Milarepa/Quall_Docs/miller/experiments/new_exp/
05/trial10/figures/mode23' not found.

See the LaTeX manual or LaTeX Companion for explanation.
Type  H <return>  for immediate help.
 ...                                              
                                                  
l.1263 ...ments/new_exp/05/trial10/figures/mode23}
                                                  
I could not locate the file with any of these extensions:
.eps,.ps,.eps.gz,.ps.gz,.eps.Z
Try typing  <return>  to proceed.
If that doesn't work, type  X <return>  to quit.


! LaTeX Error: File `/media/joe/Milarepa/Quall_Docs/miller/experiments/new_exp/
05/trial10/figures/mode24' not found.

See the LaTeX manual or LaTeX Companion for explanation.
Type  H <return>  for immediate help.
 ...                                              
                                                  
l.1264 ...ments/new_exp/05/trial10/figures/mode24}
                                                  
I could not locate the file with any of these extensions:
.eps,.ps,.eps.gz,.ps.gz,.eps.Z
Try typing  <return>  to proceed.
If that doesn't work, type  X <return>  to quit.

*** image for chapter1643 is too tall at 1510.3867pt, reducing to .95 vsize ***

l2hSize :chapter1643:647.89792pt::0.0pt::349.0pt.
[7



]

! LaTeX Error: Float(s) lost.

See the LaTeX manual or LaTeX Companion for explanation.
Type  H <return>  for immediate help.
 ...                                              
                                                  
l.1271 \lthtmlcheckvsize\clearpage
                                  }
You've lost some text.  Try typing  <return>  to proceed.
If that doesn't work, type  X <return>  to quit.

(./images.aux)

LaTeX Warning: There were undefined references.


LaTeX Warning: There were multiply-defined labels.

 ) 
Here is how much of TeX's memory you used:
 3440 strings out of 495060
 52225 string characters out of 3182053
 469480 words of memory out of 3000000
 6496 multiletter control sequences out of 15000+200000
 7819 words of font info for 28 fonts, out of 3000000 for 9000
 14 hyphenation exceptions out of 8191
 36i,16n,38p,1066b,452s stack positions out of 5000i,500n,10000p,200000b,50000s

Output written on images.dvi (7 pages, 179824 bytes).
