This is pdfTeX, Version 3.1415926-2.4-1.40.13 (TeX Live 2012/Debian) (format=pdflatex 2013.1.11)  8 JAN 2014 21:10
entering extended mode
 restricted \write18 enabled.
 %&-line parsing enabled.
**equations.tex
(./equations.tex
LaTeX2e <2011/06/27>
Babel <v3.8m> and hyphenation patterns for english, dumylang, nohyphenation, lo
aded.
(/usr/share/texlive/texmf-dist/tex/latex/base/report.cls
Document Class: report 2007/10/19 v1.4h Standard LaTeX document class
(/usr/share/texlive/texmf-dist/tex/latex/base/size10.clo
File: size10.clo 2007/10/19 v1.4h Standard LaTeX file (size option)
)
\c@part=\count79
\c@chapter=\count80
\c@section=\count81
\c@subsection=\count82
\c@subsubsection=\count83
\c@paragraph=\count84
\c@subparagraph=\count85
\c@figure=\count86
\c@table=\count87
\abovecaptionskip=\skip41
\belowcaptionskip=\skip42
\bibindent=\dimen102
)
(/usr/share/texlive/texmf-dist/tex/latex/base/inputenc.sty
Package: inputenc 2008/03/30 v1.1d Input encoding file
\inpenc@prehook=\toks14
\inpenc@posthook=\toks15

(/usr/share/texlive/texmf-dist/tex/latex/base/utf8.def
File: utf8.def 2008/04/05 v1.1m UTF-8 support for inputenc
Now handling font encoding OML ...
... no UTF-8 mapping file for font encoding OML
Now handling font encoding T1 ...
... processing UTF-8 mapping file for font encoding T1

(/usr/share/texlive/texmf-dist/tex/latex/base/t1enc.dfu
File: t1enc.dfu 2008/04/05 v1.1m UTF-8 support for inputenc
   defining Unicode char U+00A1 (decimal 161)
   defining Unicode char U+00A3 (decimal 163)
   defining Unicode char U+00AB (decimal 171)
   defining Unicode char U+00BB (decimal 187)
   defining Unicode char U+00BF (decimal 191)
   defining Unicode char U+00C0 (decimal 192)
   defining Unicode char U+00C1 (decimal 193)
   defining Unicode char U+00C2 (decimal 194)
   defining Unicode char U+00C3 (decimal 195)
   defining Unicode char U+00C4 (decimal 196)
   defining Unicode char U+00C5 (decimal 197)
   defining Unicode char U+00C6 (decimal 198)
   defining Unicode char U+00C7 (decimal 199)
   defining Unicode char U+00C8 (decimal 200)
   defining Unicode char U+00C9 (decimal 201)
   defining Unicode char U+00CA (decimal 202)
   defining Unicode char U+00CB (decimal 203)
   defining Unicode char U+00CC (decimal 204)
   defining Unicode char U+00CD (decimal 205)
   defining Unicode char U+00CE (decimal 206)
   defining Unicode char U+00CF (decimal 207)
   defining Unicode char U+00D0 (decimal 208)
   defining Unicode char U+00D1 (decimal 209)
   defining Unicode char U+00D2 (decimal 210)
   defining Unicode char U+00D3 (decimal 211)
   defining Unicode char U+00D4 (decimal 212)
   defining Unicode char U+00D5 (decimal 213)
   defining Unicode char U+00D6 (decimal 214)
   defining Unicode char U+00D8 (decimal 216)
   defining Unicode char U+00D9 (decimal 217)
   defining Unicode char U+00DA (decimal 218)
   defining Unicode char U+00DB (decimal 219)
   defining Unicode char U+00DC (decimal 220)
   defining Unicode char U+00DD (decimal 221)
   defining Unicode char U+00DE (decimal 222)
   defining Unicode char U+00DF (decimal 223)
   defining Unicode char U+00E0 (decimal 224)
   defining Unicode char U+00E1 (decimal 225)
   defining Unicode char U+00E2 (decimal 226)
   defining Unicode char U+00E3 (decimal 227)
   defining Unicode char U+00E4 (decimal 228)
   defining Unicode char U+00E5 (decimal 229)
   defining Unicode char U+00E6 (decimal 230)
   defining Unicode char U+00E7 (decimal 231)
   defining Unicode char U+00E8 (decimal 232)
   defining Unicode char U+00E9 (decimal 233)
   defining Unicode char U+00EA (decimal 234)
   defining Unicode char U+00EB (decimal 235)
   defining Unicode char U+00EC (decimal 236)
   defining Unicode char U+00ED (decimal 237)
   defining Unicode char U+00EE (decimal 238)
   defining Unicode char U+00EF (decimal 239)
   defining Unicode char U+00F0 (decimal 240)
   defining Unicode char U+00F1 (decimal 241)
   defining Unicode char U+00F2 (decimal 242)
   defining Unicode char U+00F3 (decimal 243)
   defining Unicode char U+00F4 (decimal 244)
   defining Unicode char U+00F5 (decimal 245)
   defining Unicode char U+00F6 (decimal 246)
   defining Unicode char U+00F8 (decimal 248)
   defining Unicode char U+00F9 (decimal 249)
   defining Unicode char U+00FA (decimal 250)
   defining Unicode char U+00FB (decimal 251)
   defining Unicode char U+00FC (decimal 252)
   defining Unicode char U+00FD (decimal 253)
   defining Unicode char U+00FE (decimal 254)
   defining Unicode char U+00FF (decimal 255)
   defining Unicode char U+0102 (decimal 258)
   defining Unicode char U+0103 (decimal 259)
   defining Unicode char U+0104 (decimal 260)
   defining Unicode char U+0105 (decimal 261)
   defining Unicode char U+0106 (decimal 262)
   defining Unicode char U+0107 (decimal 263)
   defining Unicode char U+010C (decimal 268)
   defining Unicode char U+010D (decimal 269)
   defining Unicode char U+010E (decimal 270)
   defining Unicode char U+010F (decimal 271)
   defining Unicode char U+0110 (decimal 272)
   defining Unicode char U+0111 (decimal 273)
   defining Unicode char U+0118 (decimal 280)
   defining Unicode char U+0119 (decimal 281)
   defining Unicode char U+011A (decimal 282)
   defining Unicode char U+011B (decimal 283)
   defining Unicode char U+011E (decimal 286)
   defining Unicode char U+011F (decimal 287)
   defining Unicode char U+0130 (decimal 304)
   defining Unicode char U+0131 (decimal 305)
   defining Unicode char U+0132 (decimal 306)
   defining Unicode char U+0133 (decimal 307)
   defining Unicode char U+0139 (decimal 313)
   defining Unicode char U+013A (decimal 314)
   defining Unicode char U+013D (decimal 317)
   defining Unicode char U+013E (decimal 318)
   defining Unicode char U+0141 (decimal 321)
   defining Unicode char U+0142 (decimal 322)
   defining Unicode char U+0143 (decimal 323)
   defining Unicode char U+0144 (decimal 324)
   defining Unicode char U+0147 (decimal 327)
   defining Unicode char U+0148 (decimal 328)
   defining Unicode char U+014A (decimal 330)
   defining Unicode char U+014B (decimal 331)
   defining Unicode char U+0150 (decimal 336)
   defining Unicode char U+0151 (decimal 337)
   defining Unicode char U+0152 (decimal 338)
   defining Unicode char U+0153 (decimal 339)
   defining Unicode char U+0154 (decimal 340)
   defining Unicode char U+0155 (decimal 341)
   defining Unicode char U+0158 (decimal 344)
   defining Unicode char U+0159 (decimal 345)
   defining Unicode char U+015A (decimal 346)
   defining Unicode char U+015B (decimal 347)
   defining Unicode char U+015E (decimal 350)
   defining Unicode char U+015F (decimal 351)
   defining Unicode char U+0160 (decimal 352)
   defining Unicode char U+0161 (decimal 353)
   defining Unicode char U+0162 (decimal 354)
   defining Unicode char U+0163 (decimal 355)
   defining Unicode char U+0164 (decimal 356)
   defining Unicode char U+0165 (decimal 357)
   defining Unicode char U+016E (decimal 366)
   defining Unicode char U+016F (decimal 367)
   defining Unicode char U+0170 (decimal 368)
   defining Unicode char U+0171 (decimal 369)
   defining Unicode char U+0178 (decimal 376)
   defining Unicode char U+0179 (decimal 377)
   defining Unicode char U+017A (decimal 378)
   defining Unicode char U+017B (decimal 379)
   defining Unicode char U+017C (decimal 380)
   defining Unicode char U+017D (decimal 381)
   defining Unicode char U+017E (decimal 382)
   defining Unicode char U+200C (decimal 8204)
   defining Unicode char U+2013 (decimal 8211)
   defining Unicode char U+2014 (decimal 8212)
   defining Unicode char U+2018 (decimal 8216)
   defining Unicode char U+2019 (decimal 8217)
   defining Unicode char U+201A (decimal 8218)
   defining Unicode char U+201C (decimal 8220)
   defining Unicode char U+201D (decimal 8221)
   defining Unicode char U+201E (decimal 8222)
   defining Unicode char U+2030 (decimal 8240)
   defining Unicode char U+2031 (decimal 8241)
   defining Unicode char U+2039 (decimal 8249)
   defining Unicode char U+203A (decimal 8250)
   defining Unicode char U+2423 (decimal 9251)
)
Now handling font encoding OT1 ...
... processing UTF-8 mapping file for font encoding OT1

(/usr/share/texlive/texmf-dist/tex/latex/base/ot1enc.dfu
File: ot1enc.dfu 2008/04/05 v1.1m UTF-8 support for inputenc
   defining Unicode char U+00A1 (decimal 161)
   defining Unicode char U+00A3 (decimal 163)
   defining Unicode char U+00B8 (decimal 184)
   defining Unicode char U+00BF (decimal 191)
   defining Unicode char U+00C5 (decimal 197)
   defining Unicode char U+00C6 (decimal 198)
   defining Unicode char U+00D8 (decimal 216)
   defining Unicode char U+00DF (decimal 223)
   defining Unicode char U+00E6 (decimal 230)
   defining Unicode char U+00EC (decimal 236)
   defining Unicode char U+00ED (decimal 237)
   defining Unicode char U+00EE (decimal 238)
   defining Unicode char U+00EF (decimal 239)
   defining Unicode char U+00F8 (decimal 248)
   defining Unicode char U+0131 (decimal 305)
   defining Unicode char U+0141 (decimal 321)
   defining Unicode char U+0142 (decimal 322)
   defining Unicode char U+0152 (decimal 338)
   defining Unicode char U+0153 (decimal 339)
   defining Unicode char U+2013 (decimal 8211)
   defining Unicode char U+2014 (decimal 8212)
   defining Unicode char U+2018 (decimal 8216)
   defining Unicode char U+2019 (decimal 8217)
   defining Unicode char U+201C (decimal 8220)
   defining Unicode char U+201D (decimal 8221)
)
Now handling font encoding OMS ...
... processing UTF-8 mapping file for font encoding OMS

(/usr/share/texlive/texmf-dist/tex/latex/base/omsenc.dfu
File: omsenc.dfu 2008/04/05 v1.1m UTF-8 support for inputenc
   defining Unicode char U+00A7 (decimal 167)
   defining Unicode char U+00B6 (decimal 182)
   defining Unicode char U+00B7 (decimal 183)
   defining Unicode char U+2020 (decimal 8224)
   defining Unicode char U+2021 (decimal 8225)
   defining Unicode char U+2022 (decimal 8226)
)
Now handling font encoding OMX ...
... no UTF-8 mapping file for font encoding OMX
Now handling font encoding U ...
... no UTF-8 mapping file for font encoding U
   defining Unicode char U+00A9 (decimal 169)
   defining Unicode char U+00AA (decimal 170)
   defining Unicode char U+00AE (decimal 174)
   defining Unicode char U+00BA (decimal 186)
   defining Unicode char U+02C6 (decimal 710)
   defining Unicode char U+02DC (decimal 732)
   defining Unicode char U+200C (decimal 8204)
   defining Unicode char U+2026 (decimal 8230)
   defining Unicode char U+2122 (decimal 8482)
   defining Unicode char U+2423 (decimal 9251)
))
(/usr/share/texlive/texmf-dist/tex/latex/graphics/graphicx.sty
Package: graphicx 1999/02/16 v1.0f Enhanced LaTeX Graphics (DPC,SPQR)

(/usr/share/texlive/texmf-dist/tex/latex/graphics/keyval.sty
Package: keyval 1999/03/16 v1.13 key=value parser (DPC)
\KV@toks@=\toks16
)
(/usr/share/texlive/texmf-dist/tex/latex/graphics/graphics.sty
Package: graphics 2009/02/05 v1.0o Standard LaTeX Graphics (DPC,SPQR)

(/usr/share/texlive/texmf-dist/tex/latex/graphics/trig.sty
Package: trig 1999/03/16 v1.09 sin cos tan (DPC)
)
(/usr/share/texlive/texmf-dist/tex/latex/latexconfig/graphics.cfg
File: graphics.cfg 2010/04/23 v1.9 graphics configuration of TeX Live
)
Package graphics Info: Driver file: pdftex.def on input line 91.

(/usr/share/texlive/texmf-dist/tex/latex/pdftex-def/pdftex.def
File: pdftex.def 2011/05/27 v0.06d Graphics/color for pdfTeX

(/usr/share/texlive/texmf-dist/tex/generic/oberdiek/infwarerr.sty
Package: infwarerr 2010/04/08 v1.3 Providing info/warning/error messages (HO)
)
(/usr/share/texlive/texmf-dist/tex/generic/oberdiek/ltxcmds.sty
Package: ltxcmds 2011/11/09 v1.22 LaTeX kernel commands for general use (HO)
)
\Gread@gobject=\count88
))
\Gin@req@height=\dimen103
\Gin@req@width=\dimen104
)
(/usr/share/texlive/texmf-dist/tex/latex/caption/caption.sty
Package: caption 2012/02/19 v3.2f Customizing captions (AR)

(/usr/share/texlive/texmf-dist/tex/latex/caption/caption3.sty
Package: caption3 2012/01/12 v1.4b caption3 kernel (AR)
\captionmargin=\dimen105
\captionmargin@=\dimen106
\captionwidth=\dimen107
\caption@indent=\dimen108
\caption@parindent=\dimen109
\caption@hangindent=\dimen110
)
\c@ContinuedFloat=\count89
)
(/usr/share/texlive/texmf-dist/tex/latex/mh/mathtools.sty
Package: mathtools 2012/04/24 v1.12 mathematical typesetting tools

(/usr/share/texlive/texmf-dist/tex/latex/tools/calc.sty
Package: calc 2007/08/22 v4.3 Infix arithmetic (KKT,FJ)
\calc@Acount=\count90
\calc@Bcount=\count91
\calc@Adimen=\dimen111
\calc@Bdimen=\dimen112
\calc@Askip=\skip43
\calc@Bskip=\skip44
LaTeX Info: Redefining \setlength on input line 76.
LaTeX Info: Redefining \addtolength on input line 77.
\calc@Ccount=\count92
\calc@Cskip=\skip45
)
(/usr/share/texlive/texmf-dist/tex/latex/mh/mhsetup.sty
Package: mhsetup 2010/01/21 v1.2a programming setup (MH)
)
(/usr/share/texlive/texmf-dist/tex/latex/amsmath/amsmath.sty
Package: amsmath 2000/07/18 v2.13 AMS math features
\@mathmargin=\skip46

For additional information on amsmath, use the `?' option.
(/usr/share/texlive/texmf-dist/tex/latex/amsmath/amstext.sty
Package: amstext 2000/06/29 v2.01

(/usr/share/texlive/texmf-dist/tex/latex/amsmath/amsgen.sty
File: amsgen.sty 1999/11/30 v2.0
\@emptytoks=\toks17
\ex@=\dimen113
))
(/usr/share/texlive/texmf-dist/tex/latex/amsmath/amsbsy.sty
Package: amsbsy 1999/11/29 v1.2d
\pmbraise@=\dimen114
)
(/usr/share/texlive/texmf-dist/tex/latex/amsmath/amsopn.sty
Package: amsopn 1999/12/14 v2.01 operator names
)
\inf@bad=\count93
LaTeX Info: Redefining \frac on input line 211.
\uproot@=\count94
\leftroot@=\count95
LaTeX Info: Redefining \overline on input line 307.
\classnum@=\count96
\DOTSCASE@=\count97
LaTeX Info: Redefining \ldots on input line 379.
LaTeX Info: Redefining \dots on input line 382.
LaTeX Info: Redefining \cdots on input line 467.
\Mathstrutbox@=\box26
\strutbox@=\box27
\big@size=\dimen115
LaTeX Font Info:    Redeclaring font encoding OML on input line 567.
LaTeX Font Info:    Redeclaring font encoding OMS on input line 568.
\macc@depth=\count98
\c@MaxMatrixCols=\count99
\dotsspace@=\muskip10
\c@parentequation=\count100
\dspbrk@lvl=\count101
\tag@help=\toks18
\row@=\count102
\column@=\count103
\maxfields@=\count104
\andhelp@=\toks19
\eqnshift@=\dimen116
\alignsep@=\dimen117
\tagshift@=\dimen118
\tagwidth@=\dimen119
\totwidth@=\dimen120
\lineht@=\dimen121
\@envbody=\toks20
\multlinegap=\skip47
\multlinetaggap=\skip48
\mathdisplay@stack=\toks21
LaTeX Info: Redefining \[ on input line 2666.
LaTeX Info: Redefining \] on input line 2667.
)
\g_MT_multlinerow_int=\count105
\l_MT_multwidth_dim=\dimen122
\origjot=\skip49
\l_MT_shortvdotswithinadjustabove_dim=\dimen123
\l_MT_shortvdotswithinadjustbelow_dim=\dimen124
\l_MT_above_intertext_dim=\dimen125
\l_MT_below_intertext_dim=\dimen126
\l_MT_above_shortintertext_dim=\dimen127
\l_MT_below_shortintertext_dim=\dimen128
)
(/usr/share/texlive/texmf-dist/tex/latex/setspace/setspace.sty
Package: setspace 2011/12/19 v6.7a set line spacing
)
(./equations.aux)
\openout1 = `equations.aux'.

LaTeX Font Info:    Checking defaults for OML/cmm/m/it on input line 24.
LaTeX Font Info:    ... okay on input line 24.
LaTeX Font Info:    Checking defaults for T1/cmr/m/n on input line 24.
LaTeX Font Info:    ... okay on input line 24.
LaTeX Font Info:    Checking defaults for OT1/cmr/m/n on input line 24.
LaTeX Font Info:    ... okay on input line 24.
LaTeX Font Info:    Checking defaults for OMS/cmsy/m/n on input line 24.
LaTeX Font Info:    ... okay on input line 24.
LaTeX Font Info:    Checking defaults for OMX/cmex/m/n on input line 24.
LaTeX Font Info:    ... okay on input line 24.
LaTeX Font Info:    Checking defaults for U/cmr/m/n on input line 24.
LaTeX Font Info:    ... okay on input line 24.
 (/usr/share/texlive/texmf-dist/tex/context/base/supp-pdf.mkii
[Loading MPS to PDF converter (version 2006.09.02).]
\scratchcounter=\count106
\scratchdimen=\dimen129
\scratchbox=\box28
\nofMPsegments=\count107
\nofMParguments=\count108
\everyMPshowfont=\toks22
\MPscratchCnt=\count109
\MPscratchDim=\dimen130
\MPnumerator=\count110
\makeMPintoPDFobject=\count111
\everyMPtoPDFconversion=\toks23
) (/usr/share/texlive/texmf-dist/tex/generic/oberdiek/pdftexcmds.sty
Package: pdftexcmds 2011/11/29 v0.20 Utility functions of pdfTeX for LuaTeX (HO
)

(/usr/share/texlive/texmf-dist/tex/generic/oberdiek/ifluatex.sty
Package: ifluatex 2010/03/01 v1.3 Provides the ifluatex switch (HO)
Package ifluatex Info: LuaTeX not detected.
)
(/usr/share/texlive/texmf-dist/tex/generic/oberdiek/ifpdf.sty
Package: ifpdf 2011/01/30 v2.3 Provides the ifpdf switch (HO)
Package ifpdf Info: pdfTeX in PDF mode is detected.
)
Package pdftexcmds Info: LuaTeX not detected.
Package pdftexcmds Info: \pdf@primitive is available.
Package pdftexcmds Info: \pdf@ifprimitive is available.
Package pdftexcmds Info: \pdfdraftmode found.
)
(/usr/share/texlive/texmf-dist/tex/latex/oberdiek/epstopdf-base.sty
Package: epstopdf-base 2010/02/09 v2.5 Base part for package epstopdf

(/usr/share/texlive/texmf-dist/tex/latex/oberdiek/grfext.sty
Package: grfext 2010/08/19 v1.1 Manage graphics extensions (HO)

(/usr/share/texlive/texmf-dist/tex/generic/oberdiek/kvdefinekeys.sty
Package: kvdefinekeys 2011/04/07 v1.3 Define keys (HO)
))
(/usr/share/texlive/texmf-dist/tex/latex/oberdiek/kvoptions.sty
Package: kvoptions 2011/06/30 v3.11 Key value format for package options (HO)

(/usr/share/texlive/texmf-dist/tex/generic/oberdiek/kvsetkeys.sty
Package: kvsetkeys 2012/04/25 v1.16 Key value parser (HO)

(/usr/share/texlive/texmf-dist/tex/generic/oberdiek/etexcmds.sty
Package: etexcmds 2011/02/16 v1.5 Avoid name clashes with e-TeX commands (HO)
Package etexcmds Info: Could not find \expanded.
(etexcmds)             That can mean that you are not using pdfTeX 1.50 or
(etexcmds)             that some package has redefined \expanded.
(etexcmds)             In the latter case, load this package earlier.
)))
Package grfext Info: Graphics extension search list:
(grfext)             [.png,.pdf,.jpg,.mps,.jpeg,.jbig2,.jb2,.PNG,.PDF,.JPG,.JPE
G,.JBIG2,.JB2,.eps]
(grfext)             \AppendGraphicsExtensions on input line 452.

(/usr/share/texlive/texmf-dist/tex/latex/latexconfig/epstopdf-sys.cfg
File: epstopdf-sys.cfg 2010/07/13 v1.3 Configuration of (r)epstopdf for TeX Liv
e
))
Package caption Info: Begin \AtBeginDocument code.
Package caption Info: End \AtBeginDocument code.

[1

{/var/lib/texmf/fonts/map/pdftex/updmap/pdftex.map}]
Chapter 1.
[1

] [1] [1] [2] [3]
Underfull \hbox (badness 10000) in paragraph at lines 153--167

 []


Underfull \hbox (badness 10000) in paragraph at lines 153--167

 []

[4] [5] [6] [7] [8] [9] [10] [11] [12] [13] [14]
Overfull \hbox (2.97275pt too wide) in paragraph at lines 321--322
[]\OT1/cmr/m/n/10 To de-velop the equa-tions that de-ter-mine the ef-fect of ch
ar-ac-ter-is-tic impedance
 []

[15] [16] [17] [18] [19] [20] [21] [22] [23] [24] [25] [26] [27] [28] [29]
[30] [31] [32] [33] [34] [35] [36] [37] [38] [39] [40]
Chapter 2.
[41

] [1]
Overfull \hbox (3.0839pt too wide) in paragraph at lines 724--725
[]\OT1/cmr/m/n/10 Another rule of thumb to de-rive the or-ders of mag-ni-tude e
n-tailed by structure-
 []

[1]

LaTeX Warning: Reference `sec:chladni' on page 2 undefined on input line 726.

[2] [3] [4] [5] [6] [7] [8] [9] [10] [11] [12] [13] [14] [15]
Overfull \hbox (2.26906pt too wide) in paragraph at lines 876--877
\OT1/cmr/m/n/10 state. These de-pend on application-specific as-sump-tions, suc
h as the coherence---
 []

[16] [17] [18] [19] [20] [21]
</media/joe/Milarepa/Quall_Docs/tamara/figures/michaelson2.jpg, id=234, 4143.48
pt x 3107.61pt>
File: /media/joe/Milarepa/Quall_Docs/tamara/figures/michaelson2.jpg Graphic fil
e (type jpg)

<use /media/joe/Milarepa/Quall_Docs/tamara/figures/michaelson2.jpg>
Package pdftex.def Info: /media/joe/Milarepa/Quall_Docs/tamara/figures/michaels
on2.jpg used on input line 962.
(pdftex.def)             Requested size: 207.18613pt x 155.3896pt.
 [22]
[23 </media/joe/Milarepa/Quall_Docs/tamara/figures/michaelson2.jpg>] [24]
[25] [26] [27]
Chapter 3.
[28

] [1] [1] [2] [3] [4] [5] [6] [7]
Overfull \hbox (5.72285pt too wide) in paragraph at lines 1088--1090
\OT1/cmr/m/n/10 time sta-tus as a guest lec-turer barely made the man enough to
 sup-port himself.[[],
 []


Overfull \hbox (5.83403pt too wide) in paragraph at lines 1091--1092
[]\OT1/cmr/m/n/10 From 1792 - 1812 he trav-eled Eu-rope, giv-ing demon-stra-tio
ns of his findings.[[],
 []

[8] [9] [10] [11] [12]
Chapter 4.
[13

] [14]
</media/joe/Milarepa/Quall_Docs/miller/experiments/new_exp/05/trial01/figures/p
oles.png, id=305, 578.16pt x 433.62pt>
File: /media/joe/Milarepa/Quall_Docs/miller/experiments/new_exp/05/trial01/figu
res/poles.png Graphic file (type png)

<use /media/joe/Milarepa/Quall_Docs/miller/experiments/new_exp/05/trial01/figur
es/poles.png>
Package pdftex.def Info: /media/joe/Milarepa/Quall_Docs/miller/experiments/new_
exp/05/trial01/figures/poles.png used on input line 1152.
(pdftex.def)             Requested size: 144.53964pt x 108.40472pt.

</media/joe/Milarepa/Quall_Docs/miller/experiments/new_exp/06/trial01/figures/p
oles.png, id=306, 578.16pt x 433.62pt>
File: /media/joe/Milarepa/Quall_Docs/miller/experiments/new_exp/06/trial01/figu
res/poles.png Graphic file (type png)

<use /media/joe/Milarepa/Quall_Docs/miller/experiments/new_exp/06/trial01/figur
es/poles.png>
Package pdftex.def Info: /media/joe/Milarepa/Quall_Docs/miller/experiments/new_
exp/06/trial01/figures/poles.png used on input line 1153.
(pdftex.def)             Requested size: 144.53964pt x 108.40472pt.

</media/joe/Milarepa/Quall_Docs/miller/experiments/new_exp/05/trial02/figures/p
oles.png, id=307, 578.16pt x 433.62pt>
File: /media/joe/Milarepa/Quall_Docs/miller/experiments/new_exp/05/trial02/figu
res/poles.png Graphic file (type png)

<use /media/joe/Milarepa/Quall_Docs/miller/experiments/new_exp/05/trial02/figur
es/poles.png>
Package pdftex.def Info: /media/joe/Milarepa/Quall_Docs/miller/experiments/new_
exp/05/trial02/figures/poles.png used on input line 1155.
(pdftex.def)             Requested size: 144.53964pt x 108.40472pt.

</media/joe/Milarepa/Quall_Docs/miller/experiments/new_exp/06/trial02/figures/p
oles.png, id=308, 578.16pt x 433.62pt>
File: /media/joe/Milarepa/Quall_Docs/miller/experiments/new_exp/06/trial02/figu
res/poles.png Graphic file (type png)

<use /media/joe/Milarepa/Quall_Docs/miller/experiments/new_exp/06/trial02/figur
es/poles.png>
Package pdftex.def Info: /media/joe/Milarepa/Quall_Docs/miller/experiments/new_
exp/06/trial02/figures/poles.png used on input line 1156.
(pdftex.def)             Requested size: 144.53964pt x 108.40472pt.

</media/joe/Milarepa/Quall_Docs/miller/experiments/new_exp/05/trial03/figures/p
oles.png, id=309, 578.16pt x 433.62pt>
File: /media/joe/Milarepa/Quall_Docs/miller/experiments/new_exp/05/trial03/figu
res/poles.png Graphic file (type png)

<use /media/joe/Milarepa/Quall_Docs/miller/experiments/new_exp/05/trial03/figur
es/poles.png>
Package pdftex.def Info: /media/joe/Milarepa/Quall_Docs/miller/experiments/new_
exp/05/trial03/figures/poles.png used on input line 1160.
(pdftex.def)             Requested size: 144.53964pt x 108.40472pt.

</media/joe/Milarepa/Quall_Docs/miller/experiments/new_exp/06/trial03/figures/p
oles.png, id=310, 578.16pt x 433.62pt>
File: /media/joe/Milarepa/Quall_Docs/miller/experiments/new_exp/06/trial03/figu
res/poles.png Graphic file (type png)

<use /media/joe/Milarepa/Quall_Docs/miller/experiments/new_exp/06/trial03/figur
es/poles.png>
Package pdftex.def Info: /media/joe/Milarepa/Quall_Docs/miller/experiments/new_
exp/06/trial03/figures/poles.png used on input line 1161.
(pdftex.def)             Requested size: 144.53964pt x 108.40472pt.

</media/joe/Milarepa/Quall_Docs/miller/experiments/new_exp/05/trial04/figures/p
oles.png, id=311, 578.16pt x 433.62pt>
File: /media/joe/Milarepa/Quall_Docs/miller/experiments/new_exp/05/trial04/figu
res/poles.png Graphic file (type png)

<use /media/joe/Milarepa/Quall_Docs/miller/experiments/new_exp/05/trial04/figur
es/poles.png>
Package pdftex.def Info: /media/joe/Milarepa/Quall_Docs/miller/experiments/new_
exp/05/trial04/figures/poles.png used on input line 1163.
(pdftex.def)             Requested size: 144.53964pt x 108.40472pt.

</media/joe/Milarepa/Quall_Docs/miller/experiments/new_exp/06/trial04/figures/p
oles.png, id=312, 578.16pt x 433.62pt>
File: /media/joe/Milarepa/Quall_Docs/miller/experiments/new_exp/06/trial04/figu
res/poles.png Graphic file (type png)

<use /media/joe/Milarepa/Quall_Docs/miller/experiments/new_exp/06/trial04/figur
es/poles.png>
Package pdftex.def Info: /media/joe/Milarepa/Quall_Docs/miller/experiments/new_
exp/06/trial04/figures/poles.png used on input line 1164.
(pdftex.def)             Requested size: 144.53964pt x 108.40472pt.


LaTeX Warning: `h' float specifier changed to `ht'.


</media/joe/Milarepa/Quall_Docs/miller/experiments/new_exp/05/trial05/figures/p
oles.png, id=313, 578.16pt x 433.62pt>
File: /media/joe/Milarepa/Quall_Docs/miller/experiments/new_exp/05/trial05/figu
res/poles.png Graphic file (type png)

<use /media/joe/Milarepa/Quall_Docs/miller/experiments/new_exp/05/trial05/figur
es/poles.png>
Package pdftex.def Info: /media/joe/Milarepa/Quall_Docs/miller/experiments/new_
exp/05/trial05/figures/poles.png used on input line 1168.
(pdftex.def)             Requested size: 144.53964pt x 108.40472pt.

</media/joe/Milarepa/Quall_Docs/miller/experiments/new_exp/06/trial05/figures/p
oles.png, id=314, 578.16pt x 433.62pt>
File: /media/joe/Milarepa/Quall_Docs/miller/experiments/new_exp/06/trial05/figu
res/poles.png Graphic file (type png)

<use /media/joe/Milarepa/Quall_Docs/miller/experiments/new_exp/06/trial05/figur
es/poles.png>
Package pdftex.def Info: /media/joe/Milarepa/Quall_Docs/miller/experiments/new_
exp/06/trial05/figures/poles.png used on input line 1169.
(pdftex.def)             Requested size: 144.53964pt x 108.40472pt.

</media/joe/Milarepa/Quall_Docs/miller/experiments/new_exp/05/trial06/figures/p
oles.png, id=315, 578.16pt x 433.62pt>
File: /media/joe/Milarepa/Quall_Docs/miller/experiments/new_exp/05/trial06/figu
res/poles.png Graphic file (type png)

<use /media/joe/Milarepa/Quall_Docs/miller/experiments/new_exp/05/trial06/figur
es/poles.png>
Package pdftex.def Info: /media/joe/Milarepa/Quall_Docs/miller/experiments/new_
exp/05/trial06/figures/poles.png used on input line 1171.
(pdftex.def)             Requested size: 144.53964pt x 108.40472pt.

</media/joe/Milarepa/Quall_Docs/miller/experiments/new_exp/06/trial06/figures/p
oles.png, id=316, 578.16pt x 433.62pt>
File: /media/joe/Milarepa/Quall_Docs/miller/experiments/new_exp/06/trial06/figu
res/poles.png Graphic file (type png)

<use /media/joe/Milarepa/Quall_Docs/miller/experiments/new_exp/06/trial06/figur
es/poles.png>
Package pdftex.def Info: /media/joe/Milarepa/Quall_Docs/miller/experiments/new_
exp/06/trial06/figures/poles.png used on input line 1172.
(pdftex.def)             Requested size: 144.53964pt x 108.40472pt.


LaTeX Warning: `h' float specifier changed to `ht'.


</media/joe/Milarepa/Quall_Docs/miller/experiments/new_exp/05/trial07/figures/p
oles.png, id=317, 578.16pt x 433.62pt>
File: /media/joe/Milarepa/Quall_Docs/miller/experiments/new_exp/05/trial07/figu
res/poles.png Graphic file (type png)

<use /media/joe/Milarepa/Quall_Docs/miller/experiments/new_exp/05/trial07/figur
es/poles.png>
Package pdftex.def Info: /media/joe/Milarepa/Quall_Docs/miller/experiments/new_
exp/05/trial07/figures/poles.png used on input line 1176.
(pdftex.def)             Requested size: 144.53964pt x 108.40472pt.

</media/joe/Milarepa/Quall_Docs/miller/experiments/new_exp/06/trial07/figures/p
oles.png, id=318, 578.16pt x 433.62pt>
File: /media/joe/Milarepa/Quall_Docs/miller/experiments/new_exp/06/trial07/figu
res/poles.png Graphic file (type png)

<use /media/joe/Milarepa/Quall_Docs/miller/experiments/new_exp/06/trial07/figur
es/poles.png>
Package pdftex.def Info: /media/joe/Milarepa/Quall_Docs/miller/experiments/new_
exp/06/trial07/figures/poles.png used on input line 1177.
(pdftex.def)             Requested size: 144.53964pt x 108.40472pt.

</media/joe/Milarepa/Quall_Docs/miller/experiments/new_exp/05/trial08/figures/p
oles.png, id=319, 578.16pt x 433.62pt>
File: /media/joe/Milarepa/Quall_Docs/miller/experiments/new_exp/05/trial08/figu
res/poles.png Graphic file (type png)

<use /media/joe/Milarepa/Quall_Docs/miller/experiments/new_exp/05/trial08/figur
es/poles.png>
Package pdftex.def Info: /media/joe/Milarepa/Quall_Docs/miller/experiments/new_
exp/05/trial08/figures/poles.png used on input line 1179.
(pdftex.def)             Requested size: 144.53964pt x 108.40472pt.

</media/joe/Milarepa/Quall_Docs/miller/experiments/new_exp/06/trial08/figures/p
oles.png, id=320, 578.16pt x 433.62pt>
File: /media/joe/Milarepa/Quall_Docs/miller/experiments/new_exp/06/trial08/figu
res/poles.png Graphic file (type png)

<use /media/joe/Milarepa/Quall_Docs/miller/experiments/new_exp/06/trial08/figur
es/poles.png>
Package pdftex.def Info: /media/joe/Milarepa/Quall_Docs/miller/experiments/new_
exp/06/trial08/figures/poles.png used on input line 1180.
(pdftex.def)             Requested size: 144.53964pt x 108.40472pt.


LaTeX Warning: `h' float specifier changed to `ht'.


</media/joe/Milarepa/Quall_Docs/miller/experiments/new_exp/05/trial09/figures/p
oles.png, id=321, 578.16pt x 433.62pt>
File: /media/joe/Milarepa/Quall_Docs/miller/experiments/new_exp/05/trial09/figu
res/poles.png Graphic file (type png)

<use /media/joe/Milarepa/Quall_Docs/miller/experiments/new_exp/05/trial09/figur
es/poles.png>
Package pdftex.def Info: /media/joe/Milarepa/Quall_Docs/miller/experiments/new_
exp/05/trial09/figures/poles.png used on input line 1184.
(pdftex.def)             Requested size: 144.53964pt x 108.40472pt.

</media/joe/Milarepa/Quall_Docs/miller/experiments/new_exp/06/trial09/figures/p
oles.png, id=322, 578.16pt x 433.62pt>
File: /media/joe/Milarepa/Quall_Docs/miller/experiments/new_exp/06/trial09/figu
res/poles.png Graphic file (type png)

<use /media/joe/Milarepa/Quall_Docs/miller/experiments/new_exp/06/trial09/figur
es/poles.png>
Package pdftex.def Info: /media/joe/Milarepa/Quall_Docs/miller/experiments/new_
exp/06/trial09/figures/poles.png used on input line 1185.
(pdftex.def)             Requested size: 144.53964pt x 108.40472pt.

</media/joe/Milarepa/Quall_Docs/miller/experiments/new_exp/05/trial10/figures/p
oles.png, id=323, 578.16pt x 433.62pt>
File: /media/joe/Milarepa/Quall_Docs/miller/experiments/new_exp/05/trial10/figu
res/poles.png Graphic file (type png)

<use /media/joe/Milarepa/Quall_Docs/miller/experiments/new_exp/05/trial10/figur
es/poles.png>
Package pdftex.def Info: /media/joe/Milarepa/Quall_Docs/miller/experiments/new_
exp/05/trial10/figures/poles.png used on input line 1187.
(pdftex.def)             Requested size: 144.53964pt x 108.40472pt.

</media/joe/Milarepa/Quall_Docs/miller/experiments/new_exp/06/trial10/figures/p
oles.png, id=324, 578.16pt x 433.62pt>
File: /media/joe/Milarepa/Quall_Docs/miller/experiments/new_exp/06/trial10/figu
res/poles.png Graphic file (type png)

<use /media/joe/Milarepa/Quall_Docs/miller/experiments/new_exp/06/trial10/figur
es/poles.png>
Package pdftex.def Info: /media/joe/Milarepa/Quall_Docs/miller/experiments/new_
exp/06/trial10/figures/poles.png used on input line 1188.
(pdftex.def)             Requested size: 144.53964pt x 108.40472pt.


LaTeX Warning: `h' float specifier changed to `ht'.


</media/joe/Milarepa/Quall_Docs/miller/experiments/new_exp/07/trial01/figures/p
oles.png, id=325, 578.16pt x 433.62pt>
File: /media/joe/Milarepa/Quall_Docs/miller/experiments/new_exp/07/trial01/figu
res/poles.png Graphic file (type png)

<use /media/joe/Milarepa/Quall_Docs/miller/experiments/new_exp/07/trial01/figur
es/poles.png>
Package pdftex.def Info: /media/joe/Milarepa/Quall_Docs/miller/experiments/new_
exp/07/trial01/figures/poles.png used on input line 1192.
(pdftex.def)             Requested size: 144.53964pt x 108.40472pt.

</media/joe/Milarepa/Quall_Docs/miller/experiments/new_exp/08/trial01/figures/p
oles.png, id=326, 578.16pt x 433.62pt>
File: /media/joe/Milarepa/Quall_Docs/miller/experiments/new_exp/08/trial01/figu
res/poles.png Graphic file (type png)

<use /media/joe/Milarepa/Quall_Docs/miller/experiments/new_exp/08/trial01/figur
es/poles.png>
Package pdftex.def Info: /media/joe/Milarepa/Quall_Docs/miller/experiments/new_
exp/08/trial01/figures/poles.png used on input line 1193.
(pdftex.def)             Requested size: 144.53964pt x 108.40472pt.


LaTeX Warning: `h' float specifier changed to `ht'.


</media/joe/Milarepa/Quall_Docs/miller/experiments/new_exp/07/trial02/figures/p
oles.png, id=327, 578.16pt x 433.62pt>
File: /media/joe/Milarepa/Quall_Docs/miller/experiments/new_exp/07/trial02/figu
res/poles.png Graphic file (type png)

<use /media/joe/Milarepa/Quall_Docs/miller/experiments/new_exp/07/trial02/figur
es/poles.png>
Package pdftex.def Info: /media/joe/Milarepa/Quall_Docs/miller/experiments/new_
exp/07/trial02/figures/poles.png used on input line 1197.
(pdftex.def)             Requested size: 144.53964pt x 108.40472pt.

</media/joe/Milarepa/Quall_Docs/miller/experiments/new_exp/08/trial02/figures/p
oles.png, id=328, 578.16pt x 433.62pt>
File: /media/joe/Milarepa/Quall_Docs/miller/experiments/new_exp/08/trial02/figu
res/poles.png Graphic file (type png)

<use /media/joe/Milarepa/Quall_Docs/miller/experiments/new_exp/08/trial02/figur
es/poles.png>
Package pdftex.def Info: /media/joe/Milarepa/Quall_Docs/miller/experiments/new_
exp/08/trial02/figures/poles.png used on input line 1198.
(pdftex.def)             Requested size: 144.53964pt x 108.40472pt.


LaTeX Warning: `h' float specifier changed to `ht'.


</media/joe/Milarepa/Quall_Docs/miller/experiments/new_exp/07/trial03/figures/p
oles.png, id=329, 578.16pt x 433.62pt>
File: /media/joe/Milarepa/Quall_Docs/miller/experiments/new_exp/07/trial03/figu
res/poles.png Graphic file (type png)

<use /media/joe/Milarepa/Quall_Docs/miller/experiments/new_exp/07/trial03/figur
es/poles.png>
Package pdftex.def Info: /media/joe/Milarepa/Quall_Docs/miller/experiments/new_
exp/07/trial03/figures/poles.png used on input line 1202.
(pdftex.def)             Requested size: 144.53964pt x 108.40472pt.

</media/joe/Milarepa/Quall_Docs/miller/experiments/new_exp/08/trial03/figures/p
oles.png, id=330, 578.16pt x 433.62pt>
File: /media/joe/Milarepa/Quall_Docs/miller/experiments/new_exp/08/trial03/figu
res/poles.png Graphic file (type png)

<use /media/joe/Milarepa/Quall_Docs/miller/experiments/new_exp/08/trial03/figur
es/poles.png>
Package pdftex.def Info: /media/joe/Milarepa/Quall_Docs/miller/experiments/new_
exp/08/trial03/figures/poles.png used on input line 1203.
(pdftex.def)             Requested size: 144.53964pt x 108.40472pt.

</media/joe/Milarepa/Quall_Docs/miller/experiments/new_exp/07/trial04/figures/p
oles.png, id=331, 578.16pt x 433.62pt>
File: /media/joe/Milarepa/Quall_Docs/miller/experiments/new_exp/07/trial04/figu
res/poles.png Graphic file (type png)

<use /media/joe/Milarepa/Quall_Docs/miller/experiments/new_exp/07/trial04/figur
es/poles.png>
Package pdftex.def Info: /media/joe/Milarepa/Quall_Docs/miller/experiments/new_
exp/07/trial04/figures/poles.png used on input line 1205.
(pdftex.def)             Requested size: 144.53964pt x 108.40472pt.

</media/joe/Milarepa/Quall_Docs/miller/experiments/new_exp/08/trial04/figures/p
oles.png, id=332, 578.16pt x 433.62pt>
File: /media/joe/Milarepa/Quall_Docs/miller/experiments/new_exp/08/trial04/figu
res/poles.png Graphic file (type png)

<use /media/joe/Milarepa/Quall_Docs/miller/experiments/new_exp/08/trial04/figur
es/poles.png>
Package pdftex.def Info: /media/joe/Milarepa/Quall_Docs/miller/experiments/new_
exp/08/trial04/figures/poles.png used on input line 1206.
(pdftex.def)             Requested size: 144.53964pt x 108.40472pt.


LaTeX Warning: `h' float specifier changed to `ht'.


</media/joe/Milarepa/Quall_Docs/miller/experiments/new_exp/07/trial05/figures/p
oles.png, id=333, 578.16pt x 433.62pt>
File: /media/joe/Milarepa/Quall_Docs/miller/experiments/new_exp/07/trial05/figu
res/poles.png Graphic file (type png)

<use /media/joe/Milarepa/Quall_Docs/miller/experiments/new_exp/07/trial05/figur
es/poles.png>
Package pdftex.def Info: /media/joe/Milarepa/Quall_Docs/miller/experiments/new_
exp/07/trial05/figures/poles.png used on input line 1210.
(pdftex.def)             Requested size: 144.53964pt x 108.40472pt.

</media/joe/Milarepa/Quall_Docs/miller/experiments/new_exp/08/trial05/figures/p
oles.png, id=334, 578.16pt x 433.62pt>
File: /media/joe/Milarepa/Quall_Docs/miller/experiments/new_exp/08/trial05/figu
res/poles.png Graphic file (type png)

<use /media/joe/Milarepa/Quall_Docs/miller/experiments/new_exp/08/trial05/figur
es/poles.png>
Package pdftex.def Info: /media/joe/Milarepa/Quall_Docs/miller/experiments/new_
exp/08/trial05/figures/poles.png used on input line 1211.
(pdftex.def)             Requested size: 144.53964pt x 108.40472pt.

</media/joe/Milarepa/Quall_Docs/miller/experiments/new_exp/07/trial06/figures/p
oles.png, id=335, 578.16pt x 433.62pt>
File: /media/joe/Milarepa/Quall_Docs/miller/experiments/new_exp/07/trial06/figu
res/poles.png Graphic file (type png)

<use /media/joe/Milarepa/Quall_Docs/miller/experiments/new_exp/07/trial06/figur
es/poles.png>
Package pdftex.def Info: /media/joe/Milarepa/Quall_Docs/miller/experiments/new_
exp/07/trial06/figures/poles.png used on input line 1213.
(pdftex.def)             Requested size: 144.53964pt x 108.40472pt.

</media/joe/Milarepa/Quall_Docs/miller/experiments/new_exp/08/trial06/figures/p
oles.png, id=336, 578.16pt x 433.62pt>
File: /media/joe/Milarepa/Quall_Docs/miller/experiments/new_exp/08/trial06/figu
res/poles.png Graphic file (type png)

<use /media/joe/Milarepa/Quall_Docs/miller/experiments/new_exp/08/trial06/figur
es/poles.png>
Package pdftex.def Info: /media/joe/Milarepa/Quall_Docs/miller/experiments/new_
exp/08/trial06/figures/poles.png used on input line 1214.
(pdftex.def)             Requested size: 144.53964pt x 108.40472pt.


LaTeX Warning: `h' float specifier changed to `ht'.


</media/joe/Milarepa/Quall_Docs/miller/experiments/new_exp/07/trial07/figures/p
oles.png, id=337, 578.16pt x 433.62pt>
File: /media/joe/Milarepa/Quall_Docs/miller/experiments/new_exp/07/trial07/figu
res/poles.png Graphic file (type png)

<use /media/joe/Milarepa/Quall_Docs/miller/experiments/new_exp/07/trial07/figur
es/poles.png>
Package pdftex.def Info: /media/joe/Milarepa/Quall_Docs/miller/experiments/new_
exp/07/trial07/figures/poles.png used on input line 1218.
(pdftex.def)             Requested size: 144.53964pt x 108.40472pt.

</media/joe/Milarepa/Quall_Docs/miller/experiments/new_exp/08/trial07/figures/p
oles.png, id=338, 578.16pt x 433.62pt>
File: /media/joe/Milarepa/Quall_Docs/miller/experiments/new_exp/08/trial07/figu
res/poles.png Graphic file (type png)

<use /media/joe/Milarepa/Quall_Docs/miller/experiments/new_exp/08/trial07/figur
es/poles.png>
Package pdftex.def Info: /media/joe/Milarepa/Quall_Docs/miller/experiments/new_
exp/08/trial07/figures/poles.png used on input line 1219.
(pdftex.def)             Requested size: 144.53964pt x 108.40472pt.

</media/joe/Milarepa/Quall_Docs/miller/experiments/new_exp/07/trial08/figures/p
oles.png, id=339, 578.16pt x 433.62pt>
File: /media/joe/Milarepa/Quall_Docs/miller/experiments/new_exp/07/trial08/figu
res/poles.png Graphic file (type png)

<use /media/joe/Milarepa/Quall_Docs/miller/experiments/new_exp/07/trial08/figur
es/poles.png>
Package pdftex.def Info: /media/joe/Milarepa/Quall_Docs/miller/experiments/new_
exp/07/trial08/figures/poles.png used on input line 1221.
(pdftex.def)             Requested size: 144.53964pt x 108.40472pt.

</media/joe/Milarepa/Quall_Docs/miller/experiments/new_exp/08/trial08/figures/p
oles.png, id=340, 578.16pt x 433.62pt>
File: /media/joe/Milarepa/Quall_Docs/miller/experiments/new_exp/08/trial08/figu
res/poles.png Graphic file (type png)

<use /media/joe/Milarepa/Quall_Docs/miller/experiments/new_exp/08/trial08/figur
es/poles.png>
Package pdftex.def Info: /media/joe/Milarepa/Quall_Docs/miller/experiments/new_
exp/08/trial08/figures/poles.png used on input line 1222.
(pdftex.def)             Requested size: 144.53964pt x 108.40472pt.


LaTeX Warning: `h' float specifier changed to `ht'.


</media/joe/Milarepa/Quall_Docs/miller/experiments/new_exp/07/trial09/figures/p
oles.png, id=341, 578.16pt x 433.62pt>
File: /media/joe/Milarepa/Quall_Docs/miller/experiments/new_exp/07/trial09/figu
res/poles.png Graphic file (type png)

<use /media/joe/Milarepa/Quall_Docs/miller/experiments/new_exp/07/trial09/figur
es/poles.png>
Package pdftex.def Info: /media/joe/Milarepa/Quall_Docs/miller/experiments/new_
exp/07/trial09/figures/poles.png used on input line 1226.
(pdftex.def)             Requested size: 144.53964pt x 108.40472pt.

</media/joe/Milarepa/Quall_Docs/miller/experiments/new_exp/08/trial09/figures/p
oles.png, id=342, 578.16pt x 433.62pt>
File: /media/joe/Milarepa/Quall_Docs/miller/experiments/new_exp/08/trial09/figu
res/poles.png Graphic file (type png)

<use /media/joe/Milarepa/Quall_Docs/miller/experiments/new_exp/08/trial09/figur
es/poles.png>
Package pdftex.def Info: /media/joe/Milarepa/Quall_Docs/miller/experiments/new_
exp/08/trial09/figures/poles.png used on input line 1227.
(pdftex.def)             Requested size: 144.53964pt x 108.40472pt.

</media/joe/Milarepa/Quall_Docs/miller/experiments/new_exp/07/trial10/figures/p
oles.png, id=343, 578.16pt x 433.62pt>
File: /media/joe/Milarepa/Quall_Docs/miller/experiments/new_exp/07/trial10/figu
res/poles.png Graphic file (type png)

<use /media/joe/Milarepa/Quall_Docs/miller/experiments/new_exp/07/trial10/figur
es/poles.png>
Package pdftex.def Info: /media/joe/Milarepa/Quall_Docs/miller/experiments/new_
exp/07/trial10/figures/poles.png used on input line 1229.
(pdftex.def)             Requested size: 144.53964pt x 108.40472pt.

</media/joe/Milarepa/Quall_Docs/miller/experiments/new_exp/08/trial10/figures/p
oles.png, id=344, 578.16pt x 433.62pt>
File: /media/joe/Milarepa/Quall_Docs/miller/experiments/new_exp/08/trial10/figu
res/poles.png Graphic file (type png)

<use /media/joe/Milarepa/Quall_Docs/miller/experiments/new_exp/08/trial10/figur
es/poles.png>
Package pdftex.def Info: /media/joe/Milarepa/Quall_Docs/miller/experiments/new_
exp/08/trial10/figures/poles.png used on input line 1230.
(pdftex.def)             Requested size: 144.53964pt x 108.40472pt.


LaTeX Warning: `h' float specifier changed to `ht'.


</media/joe/Milarepa/Quall_Docs/miller/experiments/new_exp/05/trial10/figures/m
ode01.png, id=345, 578.16pt x 433.62pt>
File: /media/joe/Milarepa/Quall_Docs/miller/experiments/new_exp/05/trial10/figu
res/mode01.png Graphic file (type png)

<use /media/joe/Milarepa/Quall_Docs/miller/experiments/new_exp/05/trial10/figur
es/mode01.png>
Package pdftex.def Info: /media/joe/Milarepa/Quall_Docs/miller/experiments/new_
exp/05/trial10/figures/mode01.png used on input line 1234.
(pdftex.def)             Requested size: 202.35902pt x 151.76927pt.

</media/joe/Milarepa/Quall_Docs/miller/experiments/new_exp/05/trial10/figures/m
ode02.png, id=346, 578.16pt x 433.62pt>
File: /media/joe/Milarepa/Quall_Docs/miller/experiments/new_exp/05/trial10/figu
res/mode02.png Graphic file (type png)

<use /media/joe/Milarepa/Quall_Docs/miller/experiments/new_exp/05/trial10/figur
es/mode02.png>
Package pdftex.def Info: /media/joe/Milarepa/Quall_Docs/miller/experiments/new_
exp/05/trial10/figures/mode02.png used on input line 1235.
(pdftex.def)             Requested size: 202.35902pt x 151.76927pt.

Overfull \hbox (61.94026pt too wide) in paragraph at lines 1234--1236
[][] [] 
 []


</media/joe/Milarepa/Quall_Docs/miller/experiments/new_exp/05/trial10/figures/m
ode03.png, id=347, 578.16pt x 433.62pt>
File: /media/joe/Milarepa/Quall_Docs/miller/experiments/new_exp/05/trial10/figu
res/mode03.png Graphic file (type png)

<use /media/joe/Milarepa/Quall_Docs/miller/experiments/new_exp/05/trial10/figur
es/mode03.png>
Package pdftex.def Info: /media/joe/Milarepa/Quall_Docs/miller/experiments/new_
exp/05/trial10/figures/mode03.png used on input line 1237.
(pdftex.def)             Requested size: 202.35902pt x 151.76927pt.

</media/joe/Milarepa/Quall_Docs/miller/experiments/new_exp/05/trial10/figures/m
ode04.png, id=348, 578.16pt x 433.62pt>
File: /media/joe/Milarepa/Quall_Docs/miller/experiments/new_exp/05/trial10/figu
res/mode04.png Graphic file (type png)

<use /media/joe/Milarepa/Quall_Docs/miller/experiments/new_exp/05/trial10/figur
es/mode04.png>
Package pdftex.def Info: /media/joe/Milarepa/Quall_Docs/miller/experiments/new_
exp/05/trial10/figures/mode04.png used on input line 1238.
(pdftex.def)             Requested size: 202.35902pt x 151.76927pt.

Overfull \hbox (61.94026pt too wide) in paragraph at lines 1237--1239
[][] [] 
 []


</media/joe/Milarepa/Quall_Docs/miller/experiments/new_exp/05/trial10/figures/m
ode05.png, id=349, 578.16pt x 433.62pt>
File: /media/joe/Milarepa/Quall_Docs/miller/experiments/new_exp/05/trial10/figu
res/mode05.png Graphic file (type png)

<use /media/joe/Milarepa/Quall_Docs/miller/experiments/new_exp/05/trial10/figur
es/mode05.png>
Package pdftex.def Info: /media/joe/Milarepa/Quall_Docs/miller/experiments/new_
exp/05/trial10/figures/mode05.png used on input line 1240.
(pdftex.def)             Requested size: 202.35902pt x 151.76927pt.

</media/joe/Milarepa/Quall_Docs/miller/experiments/new_exp/05/trial10/figures/m
ode06.png, id=350, 578.16pt x 433.62pt>
File: /media/joe/Milarepa/Quall_Docs/miller/experiments/new_exp/05/trial10/figu
res/mode06.png Graphic file (type png)

<use /media/joe/Milarepa/Quall_Docs/miller/experiments/new_exp/05/trial10/figur
es/mode06.png>
Package pdftex.def Info: /media/joe/Milarepa/Quall_Docs/miller/experiments/new_
exp/05/trial10/figures/mode06.png used on input line 1241.
(pdftex.def)             Requested size: 202.35902pt x 151.76927pt.

Overfull \hbox (61.94026pt too wide) in paragraph at lines 1240--1242
[][] [] 
 []


LaTeX Warning: `h' float specifier changed to `ht'.


</media/joe/Milarepa/Quall_Docs/miller/experiments/new_exp/05/trial10/figures/m
ode07.png, id=351, 578.16pt x 433.62pt>
File: /media/joe/Milarepa/Quall_Docs/miller/experiments/new_exp/05/trial10/figu
res/mode07.png Graphic file (type png)

<use /media/joe/Milarepa/Quall_Docs/miller/experiments/new_exp/05/trial10/figur
es/mode07.png>
Package pdftex.def Info: /media/joe/Milarepa/Quall_Docs/miller/experiments/new_
exp/05/trial10/figures/mode07.png used on input line 1245.
(pdftex.def)             Requested size: 202.35902pt x 151.76927pt.

</media/joe/Milarepa/Quall_Docs/miller/experiments/new_exp/05/trial10/figures/m
ode08.png, id=352, 578.16pt x 433.62pt>
File: /media/joe/Milarepa/Quall_Docs/miller/experiments/new_exp/05/trial10/figu
res/mode08.png Graphic file (type png)

<use /media/joe/Milarepa/Quall_Docs/miller/experiments/new_exp/05/trial10/figur
es/mode08.png>
Package pdftex.def Info: /media/joe/Milarepa/Quall_Docs/miller/experiments/new_
exp/05/trial10/figures/mode08.png used on input line 1246.
(pdftex.def)             Requested size: 202.35902pt x 151.76927pt.

Overfull \hbox (61.94026pt too wide) in paragraph at lines 1245--1247
[][] [] 
 []


</media/joe/Milarepa/Quall_Docs/miller/experiments/new_exp/05/trial10/figures/m
ode09.png, id=353, 578.16pt x 433.62pt>
File: /media/joe/Milarepa/Quall_Docs/miller/experiments/new_exp/05/trial10/figu
res/mode09.png Graphic file (type png)

<use /media/joe/Milarepa/Quall_Docs/miller/experiments/new_exp/05/trial10/figur
es/mode09.png>
Package pdftex.def Info: /media/joe/Milarepa/Quall_Docs/miller/experiments/new_
exp/05/trial10/figures/mode09.png used on input line 1248.
(pdftex.def)             Requested size: 202.35902pt x 151.76927pt.

</media/joe/Milarepa/Quall_Docs/miller/experiments/new_exp/05/trial10/figures/m
ode10.png, id=354, 578.16pt x 433.62pt>
File: /media/joe/Milarepa/Quall_Docs/miller/experiments/new_exp/05/trial10/figu
res/mode10.png Graphic file (type png)

<use /media/joe/Milarepa/Quall_Docs/miller/experiments/new_exp/05/trial10/figur
es/mode10.png>
Package pdftex.def Info: /media/joe/Milarepa/Quall_Docs/miller/experiments/new_
exp/05/trial10/figures/mode10.png used on input line 1249.
(pdftex.def)             Requested size: 202.35902pt x 151.76927pt.

Overfull \hbox (61.94026pt too wide) in paragraph at lines 1248--1250
[][] [] 
 []


</media/joe/Milarepa/Quall_Docs/miller/experiments/new_exp/05/trial10/figures/m
ode11.png, id=355, 578.16pt x 433.62pt>
File: /media/joe/Milarepa/Quall_Docs/miller/experiments/new_exp/05/trial10/figu
res/mode11.png Graphic file (type png)

<use /media/joe/Milarepa/Quall_Docs/miller/experiments/new_exp/05/trial10/figur
es/mode11.png>
Package pdftex.def Info: /media/joe/Milarepa/Quall_Docs/miller/experiments/new_
exp/05/trial10/figures/mode11.png used on input line 1251.
(pdftex.def)             Requested size: 202.35902pt x 151.76927pt.

</media/joe/Milarepa/Quall_Docs/miller/experiments/new_exp/05/trial10/figures/m
ode12.png, id=356, 578.16pt x 433.62pt>
File: /media/joe/Milarepa/Quall_Docs/miller/experiments/new_exp/05/trial10/figu
res/mode12.png Graphic file (type png)

<use /media/joe/Milarepa/Quall_Docs/miller/experiments/new_exp/05/trial10/figur
es/mode12.png>
Package pdftex.def Info: /media/joe/Milarepa/Quall_Docs/miller/experiments/new_
exp/05/trial10/figures/mode12.png used on input line 1252.
(pdftex.def)             Requested size: 202.35902pt x 151.76927pt.

Overfull \hbox (61.94026pt too wide) in paragraph at lines 1251--1253
[][] [] 
 []


LaTeX Warning: `h' float specifier changed to `ht'.


</media/joe/Milarepa/Quall_Docs/miller/experiments/new_exp/05/trial10/figures/m
ode13.png, id=357, 578.16pt x 433.62pt>
File: /media/joe/Milarepa/Quall_Docs/miller/experiments/new_exp/05/trial10/figu
res/mode13.png Graphic file (type png)

<use /media/joe/Milarepa/Quall_Docs/miller/experiments/new_exp/05/trial10/figur
es/mode13.png>
Package pdftex.def Info: /media/joe/Milarepa/Quall_Docs/miller/experiments/new_
exp/05/trial10/figures/mode13.png used on input line 1256.
(pdftex.def)             Requested size: 202.35902pt x 151.76927pt.

</media/joe/Milarepa/Quall_Docs/miller/experiments/new_exp/05/trial10/figures/m
ode14.png, id=358, 578.16pt x 433.62pt>
File: /media/joe/Milarepa/Quall_Docs/miller/experiments/new_exp/05/trial10/figu
res/mode14.png Graphic file (type png)

<use /media/joe/Milarepa/Quall_Docs/miller/experiments/new_exp/05/trial10/figur
es/mode14.png>
Package pdftex.def Info: /media/joe/Milarepa/Quall_Docs/miller/experiments/new_
exp/05/trial10/figures/mode14.png used on input line 1257.
(pdftex.def)             Requested size: 202.35902pt x 151.76927pt.

Overfull \hbox (61.94026pt too wide) in paragraph at lines 1256--1258
[][] [] 
 []


</media/joe/Milarepa/Quall_Docs/miller/experiments/new_exp/05/trial10/figures/m
ode15.png, id=359, 578.16pt x 433.62pt>
File: /media/joe/Milarepa/Quall_Docs/miller/experiments/new_exp/05/trial10/figu
res/mode15.png Graphic file (type png)

<use /media/joe/Milarepa/Quall_Docs/miller/experiments/new_exp/05/trial10/figur
es/mode15.png>
Package pdftex.def Info: /media/joe/Milarepa/Quall_Docs/miller/experiments/new_
exp/05/trial10/figures/mode15.png used on input line 1259.
(pdftex.def)             Requested size: 202.35902pt x 151.76927pt.

</media/joe/Milarepa/Quall_Docs/miller/experiments/new_exp/05/trial10/figures/m
ode16.png, id=360, 578.16pt x 433.62pt>
File: /media/joe/Milarepa/Quall_Docs/miller/experiments/new_exp/05/trial10/figu
res/mode16.png Graphic file (type png)

<use /media/joe/Milarepa/Quall_Docs/miller/experiments/new_exp/05/trial10/figur
es/mode16.png>
Package pdftex.def Info: /media/joe/Milarepa/Quall_Docs/miller/experiments/new_
exp/05/trial10/figures/mode16.png used on input line 1260.
(pdftex.def)             Requested size: 202.35902pt x 151.76927pt.

Overfull \hbox (61.94026pt too wide) in paragraph at lines 1259--1261
[][] [] 
 []


</media/joe/Milarepa/Quall_Docs/miller/experiments/new_exp/05/trial10/figures/m
ode17.png, id=361, 578.16pt x 433.62pt>
File: /media/joe/Milarepa/Quall_Docs/miller/experiments/new_exp/05/trial10/figu
res/mode17.png Graphic file (type png)

<use /media/joe/Milarepa/Quall_Docs/miller/experiments/new_exp/05/trial10/figur
es/mode17.png>
Package pdftex.def Info: /media/joe/Milarepa/Quall_Docs/miller/experiments/new_
exp/05/trial10/figures/mode17.png used on input line 1262.
(pdftex.def)             Requested size: 202.35902pt x 151.76927pt.

</media/joe/Milarepa/Quall_Docs/miller/experiments/new_exp/05/trial10/figures/m
ode18.png, id=362, 578.16pt x 433.62pt>
File: /media/joe/Milarepa/Quall_Docs/miller/experiments/new_exp/05/trial10/figu
res/mode18.png Graphic file (type png)

<use /media/joe/Milarepa/Quall_Docs/miller/experiments/new_exp/05/trial10/figur
es/mode18.png>
Package pdftex.def Info: /media/joe/Milarepa/Quall_Docs/miller/experiments/new_
exp/05/trial10/figures/mode18.png used on input line 1263.
(pdftex.def)             Requested size: 202.35902pt x 151.76927pt.

Overfull \hbox (61.94026pt too wide) in paragraph at lines 1262--1264
[][] [] 
 []


LaTeX Warning: `h' float specifier changed to `ht'.


</media/joe/Milarepa/Quall_Docs/miller/experiments/new_exp/05/trial10/figures/m
ode19.png, id=363, 578.16pt x 433.62pt>
File: /media/joe/Milarepa/Quall_Docs/miller/experiments/new_exp/05/trial10/figu
res/mode19.png Graphic file (type png)

<use /media/joe/Milarepa/Quall_Docs/miller/experiments/new_exp/05/trial10/figur
es/mode19.png>
Package pdftex.def Info: /media/joe/Milarepa/Quall_Docs/miller/experiments/new_
exp/05/trial10/figures/mode19.png used on input line 1267.
(pdftex.def)             Requested size: 202.35902pt x 151.76927pt.

</media/joe/Milarepa/Quall_Docs/miller/experiments/new_exp/05/trial10/figures/m
ode20.png, id=364, 578.16pt x 433.62pt>
File: /media/joe/Milarepa/Quall_Docs/miller/experiments/new_exp/05/trial10/figu
res/mode20.png Graphic file (type png)

<use /media/joe/Milarepa/Quall_Docs/miller/experiments/new_exp/05/trial10/figur
es/mode20.png>
Package pdftex.def Info: /media/joe/Milarepa/Quall_Docs/miller/experiments/new_
exp/05/trial10/figures/mode20.png used on input line 1268.
(pdftex.def)             Requested size: 202.35902pt x 151.76927pt.

Overfull \hbox (61.94026pt too wide) in paragraph at lines 1267--1269
[][] [] 
 []


</media/joe/Milarepa/Quall_Docs/miller/experiments/new_exp/05/trial10/figures/m
ode21.png, id=365, 578.16pt x 433.62pt>
File: /media/joe/Milarepa/Quall_Docs/miller/experiments/new_exp/05/trial10/figu
res/mode21.png Graphic file (type png)

<use /media/joe/Milarepa/Quall_Docs/miller/experiments/new_exp/05/trial10/figur
es/mode21.png>
Package pdftex.def Info: /media/joe/Milarepa/Quall_Docs/miller/experiments/new_
exp/05/trial10/figures/mode21.png used on input line 1270.
(pdftex.def)             Requested size: 202.35902pt x 151.76927pt.

</media/joe/Milarepa/Quall_Docs/miller/experiments/new_exp/05/trial10/figures/m
ode22.png, id=366, 578.16pt x 433.62pt>
File: /media/joe/Milarepa/Quall_Docs/miller/experiments/new_exp/05/trial10/figu
res/mode22.png Graphic file (type png)

<use /media/joe/Milarepa/Quall_Docs/miller/experiments/new_exp/05/trial10/figur
es/mode22.png>
Package pdftex.def Info: /media/joe/Milarepa/Quall_Docs/miller/experiments/new_
exp/05/trial10/figures/mode22.png used on input line 1271.
(pdftex.def)             Requested size: 202.35902pt x 151.76927pt.

Overfull \hbox (61.94026pt too wide) in paragraph at lines 1270--1272
[][] [] 
 []


</media/joe/Milarepa/Quall_Docs/miller/experiments/new_exp/05/trial10/figures/m
ode23.png, id=367, 578.16pt x 433.62pt>
File: /media/joe/Milarepa/Quall_Docs/miller/experiments/new_exp/05/trial10/figu
res/mode23.png Graphic file (type png)

<use /media/joe/Milarepa/Quall_Docs/miller/experiments/new_exp/05/trial10/figur
es/mode23.png>
Package pdftex.def Info: /media/joe/Milarepa/Quall_Docs/miller/experiments/new_
exp/05/trial10/figures/mode23.png used on input line 1273.
(pdftex.def)             Requested size: 202.35902pt x 151.76927pt.

</media/joe/Milarepa/Quall_Docs/miller/experiments/new_exp/05/trial10/figures/m
ode24.png, id=368, 578.16pt x 433.62pt>
File: /media/joe/Milarepa/Quall_Docs/miller/experiments/new_exp/05/trial10/figu
res/mode24.png Graphic file (type png)

<use /media/joe/Milarepa/Quall_Docs/miller/experiments/new_exp/05/trial10/figur
es/mode24.png>
Package pdftex.def Info: /media/joe/Milarepa/Quall_Docs/miller/experiments/new_
exp/05/trial10/figures/mode24.png used on input line 1274.
(pdftex.def)             Requested size: 202.35902pt x 151.76927pt.

Overfull \hbox (61.94026pt too wide) in paragraph at lines 1273--1275
[][] [] 
 []


LaTeX Warning: `h' float specifier changed to `ht'.

(./equations.bbl [15 </media/joe/Milarepa/Quall_Docs/miller/experiments/new_exp
/05/trial01/figures/poles.png> </media/joe/Milarepa/Quall_Docs/miller/experimen
ts/new_exp/06/trial01/figures/poles.png> </media/joe/Milarepa/Quall_Docs/miller
/experiments/new_exp/05/trial02/figures/poles.png> </media/joe/Milarepa/Quall_D
ocs/miller/experiments/new_exp/06/trial02/figures/poles.png>] [16 </media/joe/M
ilarepa/Quall_Docs/miller/experiments/new_exp/05/trial03/figures/poles.png> </m
edia/joe/Milarepa/Quall_Docs/miller/experiments/new_exp/06/trial03/figures/pole
s.png> </media/joe/Milarepa/Quall_Docs/miller/experiments/new_exp/05/trial04/fi
gures/poles.png> </media/joe/Milarepa/Quall_Docs/miller/experiments/new_exp/06/
trial04/figures/poles.png> </media/joe/Milarepa/Quall_Docs/miller/experiments/n
ew_exp/05/trial05/figures/poles.png> </media/joe/Milarepa/Quall_Docs/miller/exp
eriments/new_exp/06/trial05/figures/poles.png> </media/joe/Milarepa/Quall_Docs/
miller/experiments/new_exp/05/trial06/figures/poles.png> </media/joe/Milarepa/Q
uall_Docs/miller/experiments/new_exp/06/trial06/figures/poles.png>] [17 </media
/joe/Milarepa/Quall_Docs/miller/experiments/new_exp/05/trial07/figures/poles.pn
g> </media/joe/Milarepa/Quall_Docs/miller/experiments/new_exp/06/trial07/figure
s/poles.png> </media/joe/Milarepa/Quall_Docs/miller/experiments/new_exp/05/tria
l08/figures/poles.png> </media/joe/Milarepa/Quall_Docs/miller/experiments/new_e
xp/06/trial08/figures/poles.png> </media/joe/Milarepa/Quall_Docs/miller/experim
ents/new_exp/05/trial09/figures/poles.png> </media/joe/Milarepa/Quall_Docs/mill
er/experiments/new_exp/06/trial09/figures/poles.png> </media/joe/Milarepa/Quall
_Docs/miller/experiments/new_exp/05/trial10/figures/poles.png> </media/joe/Mila
repa/Quall_Docs/miller/experiments/new_exp/06/trial10/figures/poles.png>]
[18 </media/joe/Milarepa/Quall_Docs/miller/experiments/new_exp/07/trial01/figur
es/poles.png> </media/joe/Milarepa/Quall_Docs/miller/experiments/new_exp/08/tri
al01/figures/poles.png> </media/joe/Milarepa/Quall_Docs/miller/experiments/new_
exp/07/trial02/figures/poles.png> </media/joe/Milarepa/Quall_Docs/miller/experi
ments/new_exp/08/trial02/figures/poles.png> </media/joe/Milarepa/Quall_Docs/mil
ler/experiments/new_exp/07/trial03/figures/poles.png> </media/joe/Milarepa/Qual
l_Docs/miller/experiments/new_exp/08/trial03/figures/poles.png> </media/joe/Mil
arepa/Quall_Docs/miller/experiments/new_exp/07/trial04/figures/poles.png> </med
ia/joe/Milarepa/Quall_Docs/miller/experiments/new_exp/08/trial04/figures/poles.
png>] [19 </media/joe/Milarepa/Quall_Docs/miller/experiments/new_exp/07/trial05
/figures/poles.png> </media/joe/Milarepa/Quall_Docs/miller/experiments/new_exp/
08/trial05/figures/poles.png> </media/joe/Milarepa/Quall_Docs/miller/experiment
s/new_exp/07/trial06/figures/poles.png> </media/joe/Milarepa/Quall_Docs/miller/
experiments/new_exp/08/trial06/figures/poles.png> </media/joe/Milarepa/Quall_Do
cs/miller/experiments/new_exp/07/trial07/figures/poles.png> </media/joe/Milarep
a/Quall_Docs/miller/experiments/new_exp/08/trial07/figures/poles.png> </media/j
oe/Milarepa/Quall_Docs/miller/experiments/new_exp/07/trial08/figures/poles.png>
 </media/joe/Milarepa/Quall_Docs/miller/experiments/new_exp/08/trial08/figures/
poles.png>] [20 </media/joe/Milarepa/Quall_Docs/miller/experiments/new_exp/07/t
rial09/figures/poles.png> </media/joe/Milarepa/Quall_Docs/miller/experiments/ne
w_exp/08/trial09/figures/poles.png> </media/joe/Milarepa/Quall_Docs/miller/expe
riments/new_exp/07/trial10/figures/poles.png> </media/joe/Milarepa/Quall_Docs/m
iller/experiments/new_exp/08/trial10/figures/poles.png>] [21 </media/joe/Milare
pa/Quall_Docs/miller/experiments/new_exp/05/trial10/figures/mode01.png> </media
/joe/Milarepa/Quall_Docs/miller/experiments/new_exp/05/trial10/figures/mode02.p
ng> </media/joe/Milarepa/Quall_Docs/miller/experiments/new_exp/05/trial10/figur
es/mode03.png> </media/joe/Milarepa/Quall_Docs/miller/experiments/new_exp/05/tr
ial10/figures/mode04.png> </media/joe/Milarepa/Quall_Docs/miller/experiments/ne
w_exp/05/trial10/figures/mode05.png> </media/joe/Milarepa/Quall_Docs/miller/exp
eriments/new_exp/05/trial10/figures/mode06.png>] [22 </media/joe/Milarepa/Quall
_Docs/miller/experiments/new_exp/05/trial10/figures/mode07.png> </media/joe/Mil
arepa/Quall_Docs/miller/experiments/new_exp/05/trial10/figures/mode08.png> </me
dia/joe/Milarepa/Quall_Docs/miller/experiments/new_exp/05/trial10/figures/mode0
9.png> </media/joe/Milarepa/Quall_Docs/miller/experiments/new_exp/05/trial10/fi
gures/mode10.png> </media/joe/Milarepa/Quall_Docs/miller/experiments/new_exp/05
/trial10/figures/mode11.png> </media/joe/Milarepa/Quall_Docs/miller/experiments
/new_exp/05/trial10/figures/mode12.png>] [23 </media/joe/Milarepa/Quall_Docs/mi
ller/experiments/new_exp/05/trial10/figures/mode13.png> </media/joe/Milarepa/Qu
all_Docs/miller/experiments/new_exp/05/trial10/figures/mode14.png> </media/joe/
Milarepa/Quall_Docs/miller/experiments/new_exp/05/trial10/figures/mode15.png> <
/media/joe/Milarepa/Quall_Docs/miller/experiments/new_exp/05/trial10/figures/mo
de16.png> </media/joe/Milarepa/Quall_Docs/miller/experiments/new_exp/05/trial10
/figures/mode17.png> </media/joe/Milarepa/Quall_Docs/miller/experiments/new_exp
/05/trial10/figures/mode18.png>] [24 </media/joe/Milarepa/Quall_Docs/miller/exp
eriments/new_exp/05/trial10/figures/mode19.png> </media/joe/Milarepa/Quall_Docs
/miller/experiments/new_exp/05/trial10/figures/mode20.png> </media/joe/Milarepa
/Quall_Docs/miller/experiments/new_exp/05/trial10/figures/mode21.png> </media/j
oe/Milarepa/Quall_Docs/miller/experiments/new_exp/05/trial10/figures/mode22.png
> </media/joe/Milarepa/Quall_Docs/miller/experiments/new_exp/05/trial10/figures
/mode23.png> </media/joe/Milarepa/Quall_Docs/miller/experiments/new_exp/05/tria
l10/figures/mode24.png>] [25

] [26]) [27] (./equations.aux)

LaTeX Warning: There were undefined references.

 ) 
Here is how much of TeX's memory you used:
 4345 strings out of 495059
 86378 string characters out of 3182030
 130393 words of memory out of 3000000
 7408 multiletter control sequences out of 15000+200000
 12787 words of font info for 45 fonts, out of 3000000 for 9000
 14 hyphenation exceptions out of 8191
 38i,15n,38p,1057b,387s stack positions out of 5000i,500n,10000p,200000b,50000s
</usr/share/texlive/texmf-dist/fonts/type1/public/amsfonts/cm/cmbx10.pfb></us
r/share/texlive/texmf-dist/fonts/type1/public/amsfonts/cm/cmbx12.pfb></usr/shar
e/texlive/texmf-dist/fonts/type1/public/amsfonts/cm/cmex10.pfb></usr/share/texl
ive/texmf-dist/fonts/type1/public/amsfonts/cm/cmmi10.pfb></usr/share/texlive/te
xmf-dist/fonts/type1/public/amsfonts/cm/cmmi5.pfb></usr/share/texlive/texmf-dis
t/fonts/type1/public/amsfonts/cm/cmmi7.pfb></usr/share/texlive/texmf-dist/fonts
/type1/public/amsfonts/cm/cmmi8.pfb></usr/share/texlive/texmf-dist/fonts/type1/
public/amsfonts/cm/cmr10.pfb></usr/share/texlive/texmf-dist/fonts/type1/public/
amsfonts/cm/cmr12.pfb></usr/share/texlive/texmf-dist/fonts/type1/public/amsfont
s/cm/cmr17.pfb></usr/share/texlive/texmf-dist/fonts/type1/public/amsfonts/cm/cm
r5.pfb></usr/share/texlive/texmf-dist/fonts/type1/public/amsfonts/cm/cmr6.pfb><
/usr/share/texlive/texmf-dist/fonts/type1/public/amsfonts/cm/cmr7.pfb></usr/sha
re/texlive/texmf-dist/fonts/type1/public/amsfonts/cm/cmr8.pfb></usr/share/texli
ve/texmf-dist/fonts/type1/public/amsfonts/cm/cmss10.pfb></usr/share/texlive/tex
mf-dist/fonts/type1/public/amsfonts/cm/cmss8.pfb></usr/share/texlive/texmf-dist
/fonts/type1/public/amsfonts/cm/cmsy10.pfb></usr/share/texlive/texmf-dist/fonts
/type1/public/amsfonts/cm/cmsy6.pfb></usr/share/texlive/texmf-dist/fonts/type1/
public/amsfonts/cm/cmsy7.pfb></usr/share/texlive/texmf-dist/fonts/type1/public/
amsfonts/cm/cmti10.pfb></usr/share/texlive/texmf-dist/fonts/type1/public/amsfon
ts/cm/cmti7.pfb></usr/share/texlive/texmf-dist/fonts/type1/public/amsfonts/cm/c
mti8.pfb>
Output written on equations.pdf (101 pages, 6205482 bytes).
PDF statistics:
 483 PDF objects out of 1000 (max. 8388607)
 290 compressed objects within 3 object streams
 0 named destinations out of 1000 (max. 500000)
 326 words of extra memory for PDF output out of 10000 (max. 10000000)

